% mean class accuracy (train set)	
 7.6547e+01	
 8.2964e+01	
 8.4597e+01	
 8.5732e+01	
 8.6607e+01	
 8.7309e+01	
 8.7968e+01	
 8.8595e+01	
 8.9041e+01	
 8.9500e+01	
 9.0023e+01	
 9.0447e+01	
 9.0928e+01	
 9.1472e+01	
 9.1748e+01	
 9.2308e+01	
 9.2648e+01	
 9.3026e+01	
 9.3471e+01	
 9.3764e+01	
 9.4069e+01	
 9.4596e+01	
 9.4870e+01	
 9.5220e+01	
 9.5561e+01	
 9.5944e+01	
 9.6160e+01	
 9.6486e+01	
 9.6791e+01	
 9.7054e+01	
 9.7309e+01	
 9.7572e+01	
 9.7809e+01	
 9.8034e+01	
 9.8275e+01	
 9.8451e+01	
 9.8598e+01	
 9.8729e+01	
 9.8938e+01	
 9.9069e+01	
 9.9192e+01	
 9.9283e+01	
 9.9395e+01	
 9.9479e+01	
 9.9518e+01	
 9.9593e+01	
 9.9642e+01	
 9.9682e+01	
 9.9737e+01	
