% mean class accuracy (train set)	
 3.4550e+01	
 4.4405e+01	
 4.9195e+01	
 5.3035e+01	
 5.5930e+01	
 5.8835e+01	
 6.1065e+01	
 6.3370e+01	
 6.5225e+01	
 6.7525e+01	
 6.9290e+01	
 7.1180e+01	
 7.3090e+01	
 7.4470e+01	
 7.5900e+01	
 7.7850e+01	
 7.9130e+01	
 8.0785e+01	
 8.2280e+01	
 8.3655e+01	
 8.5085e+01	
 8.6280e+01	
 8.7465e+01	
 8.9100e+01	
 9.0195e+01	
 9.1320e+01	
 9.2655e+01	
 9.3925e+01	
 9.5105e+01	
 9.5850e+01	
 9.6655e+01	
 9.7405e+01	
 9.7990e+01	
 9.8420e+01	
 9.8795e+01	
 9.9255e+01	
 9.9505e+01	
 9.9700e+01	
