% mean class accuracy (train set)	
 1.9945e+01	
 3.5290e+01	
 4.8125e+01	
 5.4090e+01	
 5.7595e+01	
 6.0590e+01	
 6.2850e+01	
 6.4670e+01	
 6.6470e+01	
 6.8015e+01	
 6.8670e+01	
 6.9950e+01	
 7.0815e+01	
 7.1695e+01	
 7.2080e+01	
 7.2385e+01	
 7.3810e+01	
 7.4000e+01	
 7.4370e+01	
 7.5305e+01	
 7.5325e+01	
 7.5585e+01	
 7.6335e+01	
 7.6755e+01	
 7.6840e+01	
 7.7170e+01	
 7.7670e+01	
 7.7970e+01	
 7.8300e+01	
 7.8185e+01	
 7.8215e+01	
 7.8495e+01	
 7.8960e+01	
 7.8975e+01	
 7.9280e+01	
 7.9860e+01	
 8.0190e+01	
 8.0545e+01	
 7.9975e+01	
 8.0535e+01	
 8.0450e+01	
 8.0580e+01	
 8.0755e+01	
 8.1265e+01	
 8.1040e+01	
 8.1465e+01	
 8.1200e+01	
 8.1870e+01	
 8.1895e+01	
 8.2085e+01	
 8.1975e+01	
 8.1910e+01	
