% mean class accuracy (test set)	
 8.3286e+01	
 8.4930e+01	
 8.5794e+01	
 8.5779e+01	
 8.6536e+01	
 8.6451e+01	
 8.7074e+01	
 8.7250e+01	
 8.7446e+01	
 8.7400e+01	
 8.7116e+01	
 8.7200e+01	
 8.7657e+01	
 8.8038e+01	
 8.7665e+01	
 8.7873e+01	
 8.8049e+01	
 8.7938e+01	
 8.8126e+01	
 8.8126e+01	
 8.8149e+01	
 8.8307e+01	
 8.8207e+01	
 8.8191e+01	
 8.8126e+01	
 8.7911e+01	
 8.8138e+01	
 8.8211e+01	
 8.7942e+01	
 8.8057e+01	
 8.8118e+01	
 8.7926e+01	
 8.7765e+01	
 8.8199e+01	
 8.8218e+01	
 8.8261e+01	
 8.8069e+01	
 8.8015e+01	
 8.8111e+01	
 8.7819e+01	
 8.7934e+01	
 8.8103e+01	
 8.7946e+01	
 8.7915e+01	
 8.7969e+01	
 8.7949e+01	
 8.7988e+01	
 8.7853e+01	
 8.8053e+01	
 8.7923e+01	
 8.7869e+01	
 8.8049e+01	
 8.8103e+01	
 8.7938e+01	
 8.8099e+01	
 8.8049e+01	
 8.7761e+01	
 8.7823e+01	
 8.7961e+01	
 8.7811e+01	
 8.7707e+01	
 8.7907e+01	
 8.7730e+01	
 8.7750e+01	
 8.7777e+01	
 8.7596e+01	
 8.7642e+01	
 8.7627e+01	
 8.7515e+01	
 8.7704e+01	
 8.7757e+01	
 8.7661e+01	
 8.7558e+01	
 8.7588e+01	
 8.7581e+01	
 8.7588e+01	
 8.7554e+01	
 8.7600e+01	
 8.7700e+01	
 8.7588e+01	
 8.7596e+01	
 8.7673e+01	
 8.7681e+01	
 8.7596e+01	
 8.7638e+01	
 8.7519e+01	
 8.7477e+01	
 8.7561e+01	
 8.7592e+01	
 8.7611e+01	
 8.7542e+01	
 8.7515e+01	
 8.7477e+01	
 8.7535e+01	
 8.7519e+01	
 8.7473e+01	
 8.7512e+01	
 8.7519e+01	
 8.7485e+01	
 8.7412e+01	
 8.7535e+01	
 8.7373e+01	
 8.7400e+01	
 8.7492e+01	
 8.7427e+01	
 8.7512e+01	
 8.7569e+01	
 8.7481e+01	
 8.7431e+01	
 8.7385e+01	
 8.7477e+01	
 8.7496e+01	
 8.7442e+01	
 8.7477e+01	
 8.7573e+01	
 8.7488e+01	
 8.7473e+01	
 8.7496e+01	
