% mean class accuracy (test set)	
 3.6150e+01	
 4.0600e+01	
 4.2750e+01	
 4.4950e+01	
 4.6150e+01	
 4.6900e+01	
 4.9000e+01	
 4.7550e+01	
 5.0650e+01	
 4.9550e+01	
 5.0350e+01	
 4.9450e+01	
 5.1300e+01	
 5.0850e+01	
 5.2700e+01	
 5.2600e+01	
 5.3100e+01	
 5.3400e+01	
 5.2600e+01	
 5.3050e+01	
 5.1450e+01	
 5.1950e+01	
 5.1550e+01	
 5.3400e+01	
 5.2250e+01	
 5.2050e+01	
 5.3150e+01	
 5.3550e+01	
 5.3650e+01	
 5.1900e+01	
 5.4100e+01	
 5.3600e+01	
 5.4350e+01	
 5.2800e+01	
 5.0100e+01	
 5.2550e+01	
 5.2350e+01	
 5.1750e+01	
 5.2050e+01	
 5.3600e+01	
 5.3150e+01	
 5.2800e+01	
 5.3050e+01	
 5.3600e+01	
 5.3550e+01	
 5.4000e+01	
 5.2000e+01	
 5.2700e+01	
 5.3700e+01	
 5.2650e+01	
 5.3050e+01	
 5.2700e+01	
 5.2450e+01	
