% mean class accuracy (test set)	
 3.8150e+01	
 4.4350e+01	
 4.7500e+01	
 4.8600e+01	
 4.9250e+01	
 5.0750e+01	
 5.0900e+01	
 5.1550e+01	
 5.1600e+01	
 5.0850e+01	
 5.0850e+01	
 5.1450e+01	
 5.1750e+01	
 5.1400e+01	
 5.0700e+01	
 5.0950e+01	
 5.0400e+01	
 5.0250e+01	
 5.0600e+01	
 5.0650e+01	
 5.0350e+01	
 5.0000e+01	
 4.9700e+01	
 5.0900e+01	
 4.9650e+01	
 4.9800e+01	
 4.9850e+01	
 4.9800e+01	
 4.9800e+01	
 4.9300e+01	
 4.9850e+01	
 4.9450e+01	
 4.9700e+01	
 4.9100e+01	
 4.9850e+01	
 4.9700e+01	
 4.8900e+01	
 4.9400e+01	
 4.8650e+01	
 4.8650e+01	
 4.9000e+01	
 4.9150e+01	
 4.8550e+01	
 4.9050e+01	
 4.8750e+01	
 4.8700e+01	
 4.8600e+01	
 4.8800e+01	
 4.9200e+01	
 4.9100e+01	
