% mean class accuracy (test set)	
 8.1461e+01	
 8.2691e+01	
 8.3090e+01	
 8.3766e+01	
 8.3866e+01	
 8.4346e+01	
 8.4938e+01	
 8.5395e+01	
 8.5299e+01	
 8.5952e+01	
 8.6056e+01	
 8.6267e+01	
 8.6286e+01	
 8.6570e+01	
 8.6766e+01	
 8.6720e+01	
 8.6613e+01	
 8.6678e+01	
 8.6989e+01	
 8.6812e+01	
 8.6947e+01	
 8.6993e+01	
 8.6866e+01	
 8.7054e+01	
 8.7058e+01	
 8.6897e+01	
 8.7062e+01	
 8.6843e+01	
 8.6770e+01	
 8.6785e+01	
 8.6832e+01	
 8.6774e+01	
 8.6766e+01	
 8.6732e+01	
 8.6567e+01	
 8.6628e+01	
 8.6613e+01	
 8.6785e+01	
 8.6463e+01	
 8.6359e+01	
 8.6497e+01	
 8.6613e+01	
 8.6555e+01	
 8.6424e+01	
 8.6601e+01	
 8.6478e+01	
 8.6463e+01	
 8.6517e+01	
 8.6405e+01	
 8.6509e+01	
 8.6332e+01	
 8.6509e+01	
 8.6517e+01	
 8.6524e+01	
 8.6374e+01	
 8.6371e+01	
 8.6278e+01	
 8.6332e+01	
 8.6301e+01	
 8.6317e+01	
 8.6363e+01	
 8.6309e+01	
 8.6332e+01	
 8.6271e+01	
 8.6263e+01	
 8.6332e+01	
 8.6344e+01	
 8.6255e+01	
 8.6259e+01	
 8.6305e+01	
 8.6167e+01	
 8.6156e+01	
 8.6186e+01	
 8.6179e+01	
 8.6175e+01	
 8.6163e+01	
 8.6144e+01	
 8.6259e+01	
 8.6294e+01	
 8.6098e+01	
 8.6171e+01	
 8.6194e+01	
 8.6217e+01	
 8.6259e+01	
 8.6205e+01	
 8.6171e+01	
 8.6213e+01	
 8.6121e+01	
 8.6167e+01	
 8.6163e+01	
 8.6163e+01	
 8.6106e+01	
 8.6113e+01	
 8.6175e+01	
 8.6209e+01	
 8.6159e+01	
 8.6194e+01	
 8.6194e+01	
 8.6106e+01	
 8.6209e+01	
 8.6202e+01	
 8.6205e+01	
 8.6117e+01	
 8.6171e+01	
 8.6255e+01	
 8.6179e+01	
 8.6179e+01	
 8.6167e+01	
 8.6198e+01	
 8.6136e+01	
 8.6213e+01	
 8.6244e+01	
 8.6106e+01	
 8.6152e+01	
 8.6140e+01	
 8.6190e+01	
 8.6159e+01	
 8.6179e+01	
