% mean class accuracy (train set)	
 6.8413e+01	
 7.8659e+01	
 8.0016e+01	
 8.0941e+01	
 8.1644e+01	
 8.2048e+01	
 8.2455e+01	
 8.2739e+01	
 8.3120e+01	
 8.3417e+01	
 8.3640e+01	
 8.3954e+01	
 8.3996e+01	
 8.4249e+01	
 8.4414e+01	
 8.4522e+01	
 8.4774e+01	
 8.4982e+01	
 8.5059e+01	
 8.5286e+01	
 8.5414e+01	
 8.5461e+01	
 8.5541e+01	
 8.5663e+01	
 8.5696e+01	
 8.6065e+01	
 8.6068e+01	
 8.6195e+01	
 8.6225e+01	
 8.6322e+01	
 8.6534e+01	
 8.6470e+01	
 8.6595e+01	
 8.6678e+01	
 8.6906e+01	
 8.6894e+01	
 8.6936e+01	
 8.7055e+01	
 8.7197e+01	
 8.7250e+01	
 8.7171e+01	
 8.7354e+01	
 8.7448e+01	
 8.7553e+01	
 8.7615e+01	
 8.7607e+01	
 8.7649e+01	
 8.7753e+01	
 8.7832e+01	
 8.7963e+01	
 8.8007e+01	
 8.7964e+01	
 8.8045e+01	
 8.8181e+01	
 8.8117e+01	
 8.8166e+01	
 8.8262e+01	
 8.8355e+01	
 8.8374e+01	
 8.8435e+01	
 8.8467e+01	
 8.8514e+01	
 8.8583e+01	
 8.8658e+01	
 8.8651e+01	
 8.8689e+01	
 8.8828e+01	
 8.8786e+01	
 8.8876e+01	
 8.8928e+01	
 8.8957e+01	
 8.9029e+01	
 8.9066e+01	
 8.9133e+01	
 8.9211e+01	
 8.9284e+01	
 8.9191e+01	
 8.9262e+01	
 8.9310e+01	
 8.9404e+01	
 8.9455e+01	
 8.9377e+01	
 8.9466e+01	
 8.9537e+01	
 8.9520e+01	
 8.9549e+01	
 8.9667e+01	
 8.9686e+01	
 8.9691e+01	
 8.9677e+01	
 8.9746e+01	
 8.9799e+01	
 8.9859e+01	
 8.9855e+01	
 8.9914e+01	
 9.0021e+01	
 9.0004e+01	
 9.0041e+01	
 9.0077e+01	
