% mean class accuracy (train set)	
 3.0800e+01	
 3.7470e+01	
 4.0425e+01	
 4.3850e+01	
 4.5595e+01	
 4.7480e+01	
 4.8755e+01	
 5.0060e+01	
 5.1115e+01	
 5.2345e+01	
 5.3420e+01	
 5.4190e+01	
 5.5240e+01	
 5.6410e+01	
 5.6735e+01	
 5.7280e+01	
 5.8125e+01	
 5.9375e+01	
 6.0205e+01	
 6.0880e+01	
 6.1620e+01	
 6.2205e+01	
 6.2865e+01	
 6.4025e+01	
 6.4140e+01	
 6.5190e+01	
 6.6040e+01	
 6.6735e+01	
 6.7615e+01	
 6.8595e+01	
 6.9160e+01	
 6.9980e+01	
 7.0910e+01	
 7.1650e+01	
 7.2270e+01	
 7.2815e+01	
 7.3660e+01	
 7.4640e+01	
 7.5520e+01	
 7.6065e+01	
 7.6965e+01	
 7.7945e+01	
 7.8645e+01	
 7.9505e+01	
 8.0225e+01	
 8.0950e+01	
 8.2225e+01	
 8.2620e+01	
 8.3535e+01	
 8.4200e+01	
 8.4950e+01	
 8.5600e+01	
 8.6340e+01	
 8.6990e+01	
 8.7590e+01	
 8.8755e+01	
 8.9475e+01	
 9.0075e+01	
 9.0570e+01	
 9.1250e+01	
 9.1945e+01	
 9.2385e+01	
 9.3130e+01	
 9.3685e+01	
 9.3940e+01	
 9.4735e+01	
 9.5010e+01	
 9.5615e+01	
 9.5860e+01	
 9.6410e+01	
 9.6730e+01	
 9.7215e+01	
 9.7350e+01	
 9.7830e+01	
 9.8005e+01	
 9.8175e+01	
 9.8380e+01	
 9.8720e+01	
 9.8885e+01	
 9.9035e+01	
 9.9165e+01	
 9.9310e+01	
 9.9430e+01	
 9.9540e+01	
 9.9545e+01	
 9.9675e+01	
 9.9695e+01	
 9.9720e+01	
 9.9775e+01	
 9.9835e+01	
 9.9895e+01	
 9.9885e+01	
 9.9885e+01	
 9.9925e+01	
 9.9930e+01	
 9.9950e+01	
 9.9980e+01	
 9.9975e+01	
 9.9995e+01	
 9.9985e+01	
 9.9975e+01	
 1.0000e+02	
 9.9990e+01	
