% mean class accuracy (train set)	
 4.9676e+01	
 6.2163e+01	
 6.6152e+01	
 6.8329e+01	
 7.0075e+01	
 7.1362e+01	
 7.2460e+01	
 7.3355e+01	
 7.4312e+01	
 7.4875e+01	
 7.5464e+01	
 7.6229e+01	
 7.6688e+01	
 7.7299e+01	
 7.7909e+01	
 7.8416e+01	
 7.8843e+01	
 7.9284e+01	
 7.9658e+01	
 8.0061e+01	
 8.0450e+01	
 8.0888e+01	
 8.1220e+01	
 8.1656e+01	
 8.2055e+01	
 8.2338e+01	
 8.2702e+01	
 8.3009e+01	
 8.3241e+01	
 8.3641e+01	
 8.3924e+01	
 8.4343e+01	
 8.4528e+01	
 8.4804e+01	
 8.5136e+01	
 8.5383e+01	
 8.5663e+01	
 8.6016e+01	
 8.6242e+01	
 8.6273e+01	
 8.6662e+01	
 8.6945e+01	
 8.7054e+01	
 8.7388e+01	
 8.7626e+01	
 8.7895e+01	
 8.8125e+01	
 8.8352e+01	
 8.8618e+01	
 8.8839e+01	
 8.8878e+01	
 8.9114e+01	
 8.9329e+01	
 8.9535e+01	
 8.9836e+01	
 8.9937e+01	
 9.0206e+01	
 9.0247e+01	
 9.0514e+01	
 9.0864e+01	
 9.0789e+01	
 9.1053e+01	
 9.1156e+01	
 9.1285e+01	
 9.1501e+01	
 9.1722e+01	
 9.1915e+01	
 9.2035e+01	
 9.2186e+01	
 9.2375e+01	
 9.2513e+01	
 9.2529e+01	
 9.2768e+01	
 9.2829e+01	
 9.3141e+01	
 9.3197e+01	
 9.3242e+01	
 9.3463e+01	
 9.3622e+01	
 9.3755e+01	
 9.3819e+01	
 9.3966e+01	
 9.4051e+01	
 9.4227e+01	
 9.4203e+01	
 9.4418e+01	
 9.4570e+01	
 9.4679e+01	
 9.4811e+01	
 9.4914e+01	
 9.4968e+01	
 9.5067e+01	
 9.5166e+01	
 9.5315e+01	
 9.5437e+01	
 9.5422e+01	
 9.5587e+01	
 9.5701e+01	
 9.5796e+01	
 9.5873e+01	
 9.5998e+01	
 9.6088e+01	
 9.6081e+01	
 9.6189e+01	
 9.6329e+01	
 9.6317e+01	
 9.6475e+01	
 9.6538e+01	
 9.6656e+01	
 9.6705e+01	
 9.6783e+01	
 9.6807e+01	
 9.6894e+01	
 9.7031e+01	
 9.7060e+01	
 9.7065e+01	
 9.7158e+01	
 9.7234e+01	
 9.7288e+01	
 9.7421e+01	
 9.7404e+01	
 9.7487e+01	
 9.7466e+01	
 9.7651e+01	
 9.7628e+01	
 9.7735e+01	
 9.7759e+01	
 9.7795e+01	
 9.7789e+01	
 9.7913e+01	
 9.7910e+01	
 9.8007e+01	
 9.8052e+01	
 9.8124e+01	
 9.8168e+01	
 9.8227e+01	
 9.8236e+01	
 9.8221e+01	
 9.8362e+01	
 9.8332e+01	
 9.8391e+01	
 9.8427e+01	
 9.8466e+01	
 9.8533e+01	
 9.8509e+01	
 9.8638e+01	
 9.8625e+01	
 9.8651e+01	
 9.8722e+01	
 9.8646e+01	
 9.8726e+01	
 9.8776e+01	
 9.8825e+01	
 9.8864e+01	
 9.8845e+01	
 9.8908e+01	
 9.8937e+01	
 9.8922e+01	
 9.8941e+01	
 9.9023e+01	
 9.9031e+01	
 9.9069e+01	
 9.9077e+01	
 9.9141e+01	
 9.9122e+01	
 9.9129e+01	
 9.9121e+01	
 9.9208e+01	
 9.9215e+01	
 9.9197e+01	
 9.9267e+01	
 9.9240e+01	
 9.9234e+01	
 9.9323e+01	
 9.9278e+01	
 9.9297e+01	
 9.9328e+01	
 9.9331e+01	
 9.9372e+01	
 9.9360e+01	
 9.9387e+01	
 9.9420e+01	
 9.9464e+01	
 9.9473e+01	
 9.9449e+01	
 9.9429e+01	
 9.9487e+01	
 9.9488e+01	
 9.9494e+01	
 9.9556e+01	
 9.9515e+01	
 9.9569e+01	
 9.9550e+01	
 9.9596e+01	
 9.9560e+01	
 9.9590e+01	
 9.9552e+01	
 9.9631e+01	
 9.9616e+01	
 9.9637e+01	
 9.9634e+01	
 9.9641e+01	
 9.9649e+01	
 9.9641e+01	
 9.9633e+01	
 9.9681e+01	
 9.9675e+01	
 9.9693e+01	
 9.9702e+01	
 9.9675e+01	
 9.9722e+01	
 9.9702e+01	
 9.9732e+01	
 9.9711e+01	
 9.9726e+01	
 9.9720e+01	
 9.9772e+01	
 9.9737e+01	
 9.9790e+01	
 9.9773e+01	
 9.9771e+01	
 9.9746e+01	
 9.9779e+01	
 9.9791e+01	
 9.9780e+01	
 9.9777e+01	
 9.9784e+01	
 9.9783e+01	
 9.9797e+01	
 9.9805e+01	
 9.9809e+01	
 9.9829e+01	
 9.9816e+01	
 9.9798e+01	
 9.9829e+01	
 9.9818e+01	
 9.9828e+01	
 9.9829e+01	
 9.9833e+01	
 9.9848e+01	
 9.9851e+01	
 9.9857e+01	
 9.9853e+01	
 9.9851e+01	
 9.9874e+01	
 9.9874e+01	
 9.9851e+01	
 9.9853e+01	
 9.9870e+01	
 9.9874e+01	
 9.9872e+01	
 9.9879e+01	
 9.9887e+01	
 9.9887e+01	
 9.9880e+01	
 9.9884e+01	
 9.9891e+01	
 9.9899e+01	
 9.9891e+01	
 9.9906e+01	
 9.9900e+01	
 9.9903e+01	
 9.9902e+01	
 9.9917e+01	
 9.9907e+01	
 9.9889e+01	
 9.9922e+01	
 9.9907e+01	
 9.9918e+01	
 9.9909e+01	
 9.9918e+01	
 9.9911e+01	
 9.9918e+01	
 9.9930e+01	
 9.9922e+01	
 9.9922e+01	
 9.9932e+01	
 9.9928e+01	
 9.9934e+01	
 9.9934e+01	
 9.9924e+01	
 9.9928e+01	
 9.9926e+01	
 9.9924e+01	
 9.9940e+01	
 9.9933e+01	
 9.9941e+01	
 9.9936e+01	
 9.9937e+01	
 9.9954e+01	
 9.9954e+01	
 9.9944e+01	
 9.9939e+01	
 9.9956e+01	
 9.9943e+01	
 9.9949e+01	
 9.9955e+01	
 9.9952e+01	
 9.9951e+01	
 9.9948e+01	
 9.9952e+01	
 9.9951e+01	
 9.9956e+01	
 9.9956e+01	
 9.9955e+01	
 9.9956e+01	
 9.9956e+01	
 9.9955e+01	
 9.9955e+01	
 9.9962e+01	
 9.9958e+01	
 9.9960e+01	
 9.9955e+01	
 9.9960e+01	
 9.9956e+01	
 9.9962e+01	
 9.9963e+01	
 9.9963e+01	
 9.9962e+01	
 9.9967e+01	
 9.9963e+01	
 9.9970e+01	
 9.9962e+01	
 9.9962e+01	
 9.9969e+01	
 9.9969e+01	
 9.9971e+01	
 9.9970e+01	
 9.9971e+01	
 9.9978e+01	
 9.9974e+01	
 9.9971e+01	
 9.9966e+01	
 9.9970e+01	
 9.9967e+01	
 9.9980e+01	
 9.9973e+01	
 9.9967e+01	
 9.9981e+01	
 9.9970e+01	
 9.9971e+01	
 9.9973e+01	
 9.9982e+01	
 9.9973e+01	
 9.9977e+01	
 9.9975e+01	
 9.9974e+01	
 9.9974e+01	
 9.9978e+01	
 9.9977e+01	
 9.9977e+01	
 9.9975e+01	
 9.9973e+01	
 9.9977e+01	
 9.9977e+01	
 9.9974e+01	
 9.9977e+01	
 9.9982e+01	
 9.9974e+01	
 9.9982e+01	
 9.9977e+01	
 9.9984e+01	
 9.9980e+01	
 9.9982e+01	
 9.9982e+01	
 9.9982e+01	
 9.9978e+01	
 9.9975e+01	
 9.9980e+01	
 9.9984e+01	
 9.9978e+01	
 9.9981e+01	
 9.9981e+01	
 9.9980e+01	
 9.9981e+01	
 9.9984e+01	
 9.9981e+01	
 9.9986e+01	
 9.9988e+01	
 9.9986e+01	
 9.9982e+01	
 9.9986e+01	
 9.9986e+01	
 9.9984e+01	
 9.9986e+01	
 9.9984e+01	
 9.9982e+01	
 9.9984e+01	
 9.9982e+01	
 9.9986e+01	
 9.9986e+01	
 9.9986e+01	
 9.9988e+01	
 9.9988e+01	
 9.9988e+01	
 9.9985e+01	
 9.9985e+01	
 9.9988e+01	
 9.9988e+01	
 9.9982e+01	
 9.9986e+01	
 9.9984e+01	
 9.9988e+01	
 9.9989e+01	
 9.9989e+01	
 9.9984e+01	
 9.9986e+01	
 9.9988e+01	
 9.9988e+01	
 9.9989e+01	
 9.9986e+01	
 9.9989e+01	
 9.9988e+01	
 9.9990e+01	
 9.9988e+01	
 9.9990e+01	
 9.9986e+01	
 9.9989e+01	
 9.9988e+01	
 9.9988e+01	
 9.9989e+01	
 9.9992e+01	
 9.9993e+01	
 9.9989e+01	
 9.9989e+01	
 9.9993e+01	
 9.9992e+01	
 9.9992e+01	
 9.9992e+01	
 9.9993e+01	
 9.9990e+01	
 9.9988e+01	
 9.9992e+01	
 9.9992e+01	
 9.9992e+01	
 9.9988e+01	
 9.9990e+01	
 9.9988e+01	
 9.9989e+01	
 9.9993e+01	
 9.9989e+01	
 9.9992e+01	
 9.9990e+01	
 9.9990e+01	
 9.9992e+01	
 9.9993e+01	
 9.9988e+01	
 9.9992e+01	
 9.9990e+01	
 9.9992e+01	
 9.9989e+01	
 9.9989e+01	
 9.9992e+01	
 9.9989e+01	
 9.9993e+01	
 9.9993e+01	
 9.9993e+01	
 9.9995e+01	
 9.9990e+01	
 9.9993e+01	
 9.9990e+01	
 9.9992e+01	
 9.9992e+01	
 9.9992e+01	
 9.9993e+01	
 9.9995e+01	
 9.9990e+01	
 9.9995e+01	
 9.9992e+01	
 9.9995e+01	
 9.9992e+01	
 9.9993e+01	
 9.9993e+01	
 9.9992e+01	
 9.9993e+01	
 9.9995e+01	
 9.9992e+01	
 9.9995e+01	
 9.9993e+01	
 9.9993e+01	
 9.9995e+01	
 9.9990e+01	
 9.9993e+01	
 9.9992e+01	
 9.9993e+01	
 9.9995e+01	
 9.9992e+01	
 9.9995e+01	
 9.9993e+01	
 9.9993e+01	
 9.9993e+01	
 9.9992e+01	
 9.9993e+01	
 9.9993e+01	
 9.9992e+01	
 9.9993e+01	
 9.9993e+01	
 9.9993e+01	
 9.9990e+01	
 9.9993e+01	
 9.9992e+01	
 9.9992e+01	
 9.9995e+01	
 9.9993e+01	
 9.9993e+01	
 9.9993e+01	
 9.9995e+01	
 9.9993e+01	
 9.9992e+01	
 9.9993e+01	
 9.9993e+01	
 9.9990e+01	
 9.9995e+01	
 9.9993e+01	
 9.9993e+01	
 9.9993e+01	
 9.9993e+01	
 9.9993e+01	
 9.9993e+01	
 9.9992e+01	
 9.9992e+01	
 9.9995e+01	
 9.9995e+01	
 9.9995e+01	
 9.9993e+01	
 9.9993e+01	
 9.9993e+01	
 9.9995e+01	
 9.9995e+01	
 9.9995e+01	
 9.9993e+01	
 9.9995e+01	
 9.9995e+01	
 9.9995e+01	
 9.9995e+01	
 9.9993e+01	
 9.9993e+01	
 9.9995e+01	
 9.9995e+01	
 9.9993e+01	
 9.9996e+01	
 9.9995e+01	
 9.9996e+01	
 9.9993e+01	
 9.9995e+01	
 9.9993e+01	
 9.9993e+01	
 9.9993e+01	
 9.9993e+01	
 9.9995e+01	
 9.9993e+01	
 9.9993e+01	
 9.9995e+01	
 9.9993e+01	
 9.9995e+01	
 9.9993e+01	
 9.9993e+01	
 9.9993e+01	
 9.9995e+01	
 9.9996e+01	
 9.9995e+01	
 9.9995e+01	
 9.9995e+01	
 9.9995e+01	
 9.9995e+01	
 9.9993e+01	
 9.9993e+01	
 9.9993e+01	
 9.9993e+01	
 9.9993e+01	
 9.9996e+01	
 9.9995e+01	
 9.9992e+01	
 9.9995e+01	
 9.9993e+01	
 9.9993e+01	
 9.9995e+01	
 9.9995e+01	
 9.9996e+01	
 9.9995e+01	
 9.9995e+01	
 9.9995e+01	
 9.9992e+01	
 9.9996e+01	
 9.9995e+01	
 9.9995e+01	
 9.9996e+01	
 9.9995e+01	
 9.9996e+01	
 9.9995e+01	
 9.9996e+01	
 9.9992e+01	
 9.9995e+01	
 9.9995e+01	
 9.9993e+01	
 9.9995e+01	
 9.9996e+01	
 9.9992e+01	
 9.9996e+01	
 9.9995e+01	
 9.9996e+01	
 9.9996e+01	
 9.9993e+01	
 9.9996e+01	
 9.9995e+01	
 9.9996e+01	
 9.9995e+01	
 9.9995e+01	
 9.9996e+01	
 9.9995e+01	
 9.9995e+01	
 9.9996e+01	
 9.9996e+01	
 9.9995e+01	
 9.9995e+01	
 9.9995e+01	
 9.9995e+01	
 9.9995e+01	
 9.9993e+01	
 9.9995e+01	
 9.9995e+01	
 9.9993e+01	
 9.9995e+01	
 9.9993e+01	
 9.9996e+01	
 9.9996e+01	
 9.9995e+01	
 9.9995e+01	
 9.9995e+01	
