% mean class accuracy (train set)	
 4.6535e+01	
 5.8337e+01	
 6.2244e+01	
 6.4810e+01	
 6.6239e+01	
 6.7786e+01	
 6.8862e+01	
 6.9677e+01	
 7.0471e+01	
 7.1242e+01	
 7.2030e+01	
 7.2448e+01	
 7.3077e+01	
 7.3566e+01	
 7.3982e+01	
 7.4430e+01	
 7.4871e+01	
 7.5219e+01	
 7.5432e+01	
 7.5863e+01	
 7.6081e+01	
 7.6415e+01	
 7.6914e+01	
 7.7008e+01	
 7.7382e+01	
 7.7572e+01	
 7.7862e+01	
 7.8158e+01	
 7.8312e+01	
 7.8595e+01	
 7.8810e+01	
 7.8997e+01	
 7.9169e+01	
 7.9446e+01	
 7.9693e+01	
 7.9901e+01	
 8.0147e+01	
 8.0290e+01	
 8.0510e+01	
 8.0589e+01	
 8.0873e+01	
 8.0978e+01	
 8.1210e+01	
 8.1337e+01	
 8.1535e+01	
 8.1611e+01	
 8.1817e+01	
 8.1834e+01	
 8.2126e+01	
 8.2387e+01	
 8.2529e+01	
 8.2692e+01	
 8.2825e+01	
 8.2955e+01	
 8.3184e+01	
 8.3173e+01	
 8.3375e+01	
 8.3597e+01	
 8.3563e+01	
 8.3798e+01	
 8.3862e+01	
 8.4067e+01	
 8.4107e+01	
 8.4176e+01	
 8.4315e+01	
 8.4681e+01	
 8.4590e+01	
 8.4776e+01	
 8.4969e+01	
 8.4950e+01	
 8.5207e+01	
 8.5252e+01	
 8.5357e+01	
 8.5473e+01	
 8.5584e+01	
 8.5868e+01	
 8.5952e+01	
 8.6031e+01	
 8.6153e+01	
 8.6141e+01	
 8.6206e+01	
 8.6362e+01	
 8.6408e+01	
 8.6636e+01	
 8.6747e+01	
 8.6753e+01	
 8.6968e+01	
 8.7208e+01	
 8.7185e+01	
 8.7212e+01	
 8.7357e+01	
 8.7325e+01	
 8.7548e+01	
 8.7611e+01	
 8.7746e+01	
 8.7948e+01	
 8.8028e+01	
 8.7953e+01	
 8.8091e+01	
 8.8172e+01	
 8.8329e+01	
 8.8230e+01	
 8.8498e+01	
 8.8546e+01	
 8.8655e+01	
 8.8725e+01	
 8.8887e+01	
 8.8974e+01	
 8.9105e+01	
 8.9153e+01	
 8.9133e+01	
 8.9179e+01	
 8.9257e+01	
 8.9409e+01	
 8.9484e+01	
 8.9600e+01	
 8.9647e+01	
 8.9793e+01	
 8.9821e+01	
 8.9795e+01	
 8.9967e+01	
 8.9923e+01	
 9.0225e+01	
 9.0200e+01	
 9.0243e+01	
 9.0309e+01	
 9.0421e+01	
 9.0539e+01	
 9.0531e+01	
 9.0651e+01	
 9.0823e+01	
 9.0715e+01	
 9.0868e+01	
 9.0941e+01	
 9.0977e+01	
 9.1029e+01	
 9.1133e+01	
 9.1135e+01	
 9.1242e+01	
 9.1370e+01	
 9.1451e+01	
 9.1515e+01	
 9.1569e+01	
 9.1683e+01	
 9.1766e+01	
 9.1741e+01	
 9.1941e+01	
 9.1855e+01	
 9.1967e+01	
 9.2068e+01	
 9.2092e+01	
 9.2110e+01	
 9.2252e+01	
 9.2185e+01	
 9.2226e+01	
 9.2382e+01	
 9.2465e+01	
 9.2560e+01	
 9.2545e+01	
 9.2664e+01	
 9.2668e+01	
 9.2776e+01	
 9.2873e+01	
 9.2939e+01	
 9.2921e+01	
 9.2981e+01	
 9.3061e+01	
 9.3113e+01	
 9.3188e+01	
 9.3227e+01	
 9.3321e+01	
 9.3343e+01	
 9.3377e+01	
 9.3412e+01	
 9.3448e+01	
 9.3448e+01	
 9.3617e+01	
 9.3820e+01	
 9.3642e+01	
 9.3809e+01	
 9.3867e+01	
 9.3977e+01	
 9.3879e+01	
 9.3893e+01	
 9.3939e+01	
 9.4145e+01	
 9.4115e+01	
 9.4152e+01	
 9.4129e+01	
 9.4252e+01	
 9.4235e+01	
 9.4316e+01	
 9.4409e+01	
 9.4488e+01	
 9.4502e+01	
 9.4492e+01	
 9.4586e+01	
 9.4630e+01	
 9.4716e+01	
 9.4723e+01	
 9.4851e+01	
 9.4792e+01	
 9.4776e+01	
 9.4934e+01	
 9.4971e+01	
 9.4979e+01	
 9.4978e+01	
 9.5019e+01	
 9.5162e+01	
 9.5064e+01	
 9.5207e+01	
 9.5175e+01	
 9.5321e+01	
 9.5316e+01	
 9.5389e+01	
 9.5356e+01	
 9.5482e+01	
 9.5426e+01	
 9.5508e+01	
 9.5614e+01	
 9.5651e+01	
 9.5641e+01	
 9.5622e+01	
 9.5651e+01	
 9.5764e+01	
 9.5787e+01	
 9.5857e+01	
 9.5843e+01	
 9.5918e+01	
 9.5893e+01	
 9.6021e+01	
 9.5999e+01	
 9.6129e+01	
 9.6026e+01	
 9.6142e+01	
 9.6151e+01	
 9.6138e+01	
 9.6202e+01	
 9.6310e+01	
 9.6268e+01	
 9.6325e+01	
 9.6313e+01	
 9.6400e+01	
 9.6400e+01	
 9.6443e+01	
 9.6395e+01	
 9.6500e+01	
 9.6527e+01	
 9.6551e+01	
 9.6563e+01	
 9.6589e+01	
 9.6545e+01	
 9.6617e+01	
 9.6705e+01	
 9.6731e+01	
 9.6769e+01	
 9.6807e+01	
 9.6834e+01	
 9.6822e+01	
 9.6856e+01	
 9.6916e+01	
 9.6944e+01	
 9.6930e+01	
 9.7066e+01	
 9.6982e+01	
 9.7012e+01	
 9.7034e+01	
 9.7136e+01	
 9.7137e+01	
 9.7159e+01	
 9.7144e+01	
 9.7142e+01	
 9.7264e+01	
 9.7271e+01	
 9.7308e+01	
 9.7330e+01	
 9.7344e+01	
 9.7312e+01	
 9.7319e+01	
 9.7446e+01	
 9.7424e+01	
 9.7426e+01	
 9.7471e+01	
 9.7417e+01	
 9.7477e+01	
 9.7512e+01	
 9.7507e+01	
 9.7580e+01	
 9.7559e+01	
 9.7600e+01	
 9.7670e+01	
 9.7656e+01	
 9.7696e+01	
 9.7735e+01	
 9.7723e+01	
 9.7685e+01	
 9.7765e+01	
 9.7816e+01	
 9.7726e+01	
 9.7831e+01	
 9.7892e+01	
 9.7876e+01	
 9.7924e+01	
 9.7873e+01	
 9.7884e+01	
 9.7939e+01	
 9.7989e+01	
 9.7984e+01	
 9.8004e+01	
 9.7997e+01	
 9.8022e+01	
 9.8041e+01	
 9.8116e+01	
 9.8097e+01	
 9.8098e+01	
 9.8137e+01	
 9.8103e+01	
 9.8111e+01	
 9.8183e+01	
 9.8223e+01	
 9.8189e+01	
 9.8245e+01	
 9.8221e+01	
 9.8275e+01	
 9.8245e+01	
 9.8333e+01	
 9.8371e+01	
 9.8284e+01	
 9.8371e+01	
 9.8343e+01	
 9.8369e+01	
 9.8410e+01	
