% mean class accuracy (train set)	
 7.3462e+01	
 8.4845e+01	
 8.6688e+01	
 8.7952e+01	
 8.8626e+01	
 8.9252e+01	
 8.9778e+01	
 9.0117e+01	
 9.0465e+01	
 9.0831e+01	
 9.1161e+01	
 9.1333e+01	
 9.1625e+01	
 9.1844e+01	
 9.2016e+01	
 9.2191e+01	
 9.2379e+01	
 9.2558e+01	
 9.2711e+01	
 9.2794e+01	
 9.2969e+01	
 9.3104e+01	
 9.3197e+01	
 9.3270e+01	
 9.3392e+01	
 9.3520e+01	
 9.3637e+01	
 9.3678e+01	
 9.3777e+01	
 9.3900e+01	
 9.3890e+01	
 9.4011e+01	
 9.4104e+01	
 9.4178e+01	
 9.4238e+01	
 9.4275e+01	
 9.4336e+01	
 9.4394e+01	
 9.4488e+01	
 9.4548e+01	
 9.4543e+01	
 9.4642e+01	
 9.4689e+01	
 9.4783e+01	
 9.4736e+01	
 9.4832e+01	
 9.4851e+01	
 9.4922e+01	
 9.4942e+01	
 9.4979e+01	
 9.5027e+01	
 9.5120e+01	
 9.5050e+01	
 9.5207e+01	
 9.5209e+01	
 9.5282e+01	
 9.5263e+01	
 9.5315e+01	
 9.5367e+01	
 9.5394e+01	
 9.5379e+01	
 9.5445e+01	
 9.5475e+01	
 9.5501e+01	
 9.5540e+01	
 9.5528e+01	
 9.5566e+01	
 9.5607e+01	
 9.5632e+01	
 9.5682e+01	
 9.5706e+01	
 9.5719e+01	
 9.5742e+01	
 9.5785e+01	
 9.5830e+01	
 9.5828e+01	
 9.5802e+01	
 9.5895e+01	
 9.5940e+01	
 9.5951e+01	
 9.5951e+01	
 9.5917e+01	
 9.6002e+01	
 9.6028e+01	
 9.6041e+01	
 9.6082e+01	
 9.6045e+01	
 9.6151e+01	
 9.6176e+01	
 9.6140e+01	
 9.6172e+01	
 9.6193e+01	
 9.6200e+01	
 9.6196e+01	
 9.6265e+01	
 9.6265e+01	
 9.6279e+01	
 9.6347e+01	
 9.6313e+01	
 9.6365e+01	
 9.6309e+01	
 9.6380e+01	
 9.6379e+01	
 9.6379e+01	
 9.6395e+01	
 9.6426e+01	
 9.6478e+01	
 9.6458e+01	
 9.6475e+01	
 9.6500e+01	
 9.6482e+01	
 9.6538e+01	
 9.6589e+01	
 9.6557e+01	
 9.6527e+01	
 9.6581e+01	
 9.6586e+01	
 9.6628e+01	
 9.6594e+01	
