% mean class accuracy (train set)	
 7.9939e+01	
 8.6953e+01	
 8.8230e+01	
 8.9172e+01	
 8.9870e+01	
 9.0450e+01	
 9.1014e+01	
 9.1640e+01	
 9.2137e+01	
 9.2682e+01	
 9.3209e+01	
 9.3554e+01	
 9.4059e+01	
 9.4462e+01	
 9.4988e+01	
 9.5321e+01	
 9.5660e+01	
 9.6112e+01	
 9.6447e+01	
 9.6789e+01	
 9.7080e+01	
 9.7334e+01	
 9.7636e+01	
 9.7891e+01	
 9.8120e+01	
 9.8356e+01	
 9.8546e+01	
 9.8737e+01	
 9.8941e+01	
 9.9039e+01	
 9.9186e+01	
 9.9271e+01	
 9.9393e+01	
 9.9483e+01	
 9.9544e+01	
 9.9581e+01	
 9.9642e+01	
 9.9694e+01	
 9.9738e+01	
 9.9775e+01	
 9.9783e+01	
 9.9818e+01	
 9.9838e+01	
 9.9851e+01	
 9.9863e+01	
 9.9884e+01	
 9.9896e+01	
 9.9902e+01	
 9.9918e+01	
 9.9928e+01	
 9.9937e+01	
 9.9943e+01	
 9.9945e+01	
 9.9947e+01	
 9.9956e+01	
 9.9956e+01	
 9.9963e+01	
 9.9970e+01	
 9.9963e+01	
 9.9975e+01	
 9.9975e+01	
 9.9978e+01	
 9.9978e+01	
 9.9984e+01	
 9.9981e+01	
 9.9986e+01	
 9.9988e+01	
 9.9988e+01	
 9.9989e+01	
 9.9990e+01	
