% mean class accuracy (train set)	
 2.4280e+01	
 4.2940e+01	
 5.2920e+01	
 5.7890e+01	
 6.1905e+01	
 6.4735e+01	
 6.6845e+01	
 6.8865e+01	
 7.0790e+01	
 7.2050e+01	
 7.3425e+01	
 7.4940e+01	
 7.5540e+01	
 7.7085e+01	
 7.7930e+01	
 7.8500e+01	
 7.9465e+01	
 8.0550e+01	
 8.0640e+01	
 8.1800e+01	
 8.2645e+01	
 8.2715e+01	
 8.3245e+01	
 8.4035e+01	
 8.4705e+01	
 8.5095e+01	
 8.5355e+01	
 8.6005e+01	
 8.6260e+01	
 8.6805e+01	
 8.6825e+01	
 8.7375e+01	
 8.7655e+01	
 8.8105e+01	
 8.8215e+01	
 8.8450e+01	
 8.9380e+01	
 8.8775e+01	
 8.8965e+01	
 8.9200e+01	
 8.9640e+01	
 8.9785e+01	
 9.0135e+01	
 9.0420e+01	
 9.0480e+01	
 9.1170e+01	
 9.1130e+01	
 9.1055e+01	
 9.1600e+01	
 9.1450e+01	
 9.1475e+01	
 9.2090e+01	
 9.1785e+01	
 9.1735e+01	
