% mean class accuracy (train set)	
 1.4196e+01	
 1.7692e+01	
 1.9272e+01	
 2.0498e+01	
 2.1014e+01	
 2.1730e+01	
 2.2030e+01	
 2.2408e+01	
 2.2634e+01	
 2.2950e+01	
 2.3408e+01	
 2.3416e+01	
 2.3522e+01	
 2.3772e+01	
 2.3840e+01	
 2.3948e+01	
 2.4126e+01	
 2.4092e+01	
 2.4316e+01	
 2.4490e+01	
 2.4462e+01	
 2.4434e+01	
 2.4380e+01	
 2.4592e+01	
 2.4688e+01	
 2.4888e+01	
 2.4906e+01	
 2.4860e+01	
 2.4790e+01	
 2.4946e+01	
 2.4996e+01	
 2.5010e+01	
 2.4948e+01	
 2.5124e+01	
 2.5132e+01	
 2.5184e+01	
 2.5394e+01	
 2.5286e+01	
 2.5240e+01	
 2.5498e+01	
 2.5414e+01	
 2.5360e+01	
 2.5606e+01	
 2.5476e+01	
 2.5446e+01	
 2.5388e+01	
 2.5578e+01	
 2.5552e+01	
 2.5580e+01	
 2.5728e+01	
 2.5634e+01	
 2.5794e+01	
 2.5662e+01	
 2.5750e+01	
 2.5738e+01	
 2.5612e+01	
 2.5994e+01	
 2.5924e+01	
 2.5812e+01	
 2.6034e+01	
 2.5894e+01	
 2.6076e+01	
 2.5842e+01	
 2.5860e+01	
 2.6046e+01	
 2.5828e+01	
 2.5932e+01	
 2.6092e+01	
 2.5944e+01	
 2.5990e+01	
 2.5976e+01	
 2.6008e+01	
 2.6060e+01	
 2.6104e+01	
 2.6152e+01	
 2.6268e+01	
 2.6166e+01	
 2.6210e+01	
 2.6264e+01	
 2.6328e+01	
 2.6132e+01	
 2.6306e+01	
 2.6194e+01	
 2.6392e+01	
 2.6322e+01	
 2.6330e+01	
 2.6300e+01	
 2.6506e+01	
 2.6426e+01	
 2.6384e+01	
 2.6384e+01	
 2.6354e+01	
 2.6276e+01	
 2.6456e+01	
 2.6400e+01	
 2.6606e+01	
 2.6530e+01	
 2.6464e+01	
 2.6636e+01	
 2.6402e+01	
 2.6616e+01	
 2.6514e+01	
 2.6502e+01	
 2.6604e+01	
 2.6628e+01	
 2.6710e+01	
 2.6630e+01	
 2.6512e+01	
 2.6732e+01	
 2.6568e+01	
 2.6820e+01	
 2.6644e+01	
 2.6684e+01	
 2.6682e+01	
 2.6612e+01	
 2.6570e+01	
 2.6812e+01	
 2.6658e+01	
 2.6634e+01	
 2.6868e+01	
 2.6812e+01	
 2.6624e+01	
 2.6842e+01	
 2.6778e+01	
 2.6734e+01	
 2.6688e+01	
 2.6832e+01	
 2.6912e+01	
 2.6790e+01	
 2.6944e+01	
 2.6982e+01	
 2.6856e+01	
 2.7000e+01	
 2.6916e+01	
 2.6866e+01	
 2.6796e+01	
 2.6966e+01	
 2.6932e+01	
 2.6826e+01	
 2.6828e+01	
 2.6986e+01	
 2.6956e+01	
 2.6860e+01	
 2.7052e+01	
 2.6978e+01	
 2.7100e+01	
 2.6912e+01	
 2.6970e+01	
 2.6900e+01	
 2.7192e+01	
 2.6988e+01	
 2.7140e+01	
 2.7092e+01	
 2.7020e+01	
 2.7134e+01	
 2.7086e+01	
 2.7132e+01	
 2.7286e+01	
 2.7016e+01	
 2.7050e+01	
 2.7014e+01	
 2.7054e+01	
 2.7010e+01	
 2.7240e+01	
 2.7070e+01	
 2.7204e+01	
 2.7082e+01	
 2.7240e+01	
 2.7210e+01	
 2.7142e+01	
 2.7160e+01	
 2.7066e+01	
 2.7226e+01	
 2.7218e+01	
 2.7268e+01	
 2.7212e+01	
 2.7122e+01	
 2.7200e+01	
 2.7296e+01	
 2.7378e+01	
 2.7194e+01	
 2.7260e+01	
 2.7288e+01	
 2.7150e+01	
 2.7196e+01	
 2.7330e+01	
 2.7342e+01	
 2.7342e+01	
 2.7300e+01	
 2.7354e+01	
 2.7344e+01	
 2.7234e+01	
 2.7260e+01	
 2.7368e+01	
 2.7194e+01	
 2.7352e+01	
 2.7198e+01	
 2.7350e+01	
 2.7264e+01	
 2.7216e+01	
 2.7348e+01	
 2.7322e+01	
 2.7440e+01	
 2.7394e+01	
 2.7476e+01	
 2.7412e+01	
 2.7398e+01	
 2.7264e+01	
 2.7460e+01	
 2.7530e+01	
 2.7346e+01	
 2.7410e+01	
 2.7378e+01	
 2.7516e+01	
 2.7278e+01	
 2.7442e+01	
 2.7386e+01	
 2.7452e+01	
 2.7384e+01	
 2.7542e+01	
 2.7556e+01	
 2.7500e+01	
 2.7576e+01	
 2.7500e+01	
 2.7478e+01	
 2.7430e+01	
 2.7562e+01	
 2.7402e+01	
 2.7482e+01	
 2.7374e+01	
 2.7472e+01	
 2.7432e+01	
 2.7506e+01	
 2.7498e+01	
 2.7632e+01	
 2.7444e+01	
 2.7554e+01	
 2.7680e+01	
 2.7528e+01	
 2.7500e+01	
 2.7416e+01	
 2.7598e+01	
 2.7582e+01	
 2.7560e+01	
 2.7672e+01	
 2.7644e+01	
 2.7514e+01	
 2.7588e+01	
 2.7676e+01	
 2.7542e+01	
 2.7418e+01	
 2.7578e+01	
 2.7700e+01	
 2.7588e+01	
 2.7712e+01	
 2.7668e+01	
 2.7576e+01	
 2.7620e+01	
 2.7648e+01	
 2.7722e+01	
 2.7776e+01	
 2.7632e+01	
 2.7674e+01	
 2.7594e+01	
 2.7542e+01	
 2.7636e+01	
 2.7554e+01	
 2.7678e+01	
 2.7494e+01	
 2.7660e+01	
 2.7592e+01	
 2.7752e+01	
 2.7592e+01	
 2.7686e+01	
 2.7760e+01	
 2.7594e+01	
 2.7840e+01	
 2.7748e+01	
 2.7770e+01	
 2.7790e+01	
 2.7710e+01	
 2.7780e+01	
 2.7582e+01	
 2.7724e+01	
 2.7840e+01	
 2.7848e+01	
 2.7788e+01	
 2.7684e+01	
 2.7836e+01	
