% mean class accuracy (train set)	
 3.2600e+01	
 4.2686e+01	
 4.5676e+01	
 4.7874e+01	
 4.9014e+01	
 4.9546e+01	
 5.0332e+01	
 5.1218e+01	
 5.1312e+01	
 5.2042e+01	
 5.2134e+01	
 5.2942e+01	
 5.2884e+01	
 5.3098e+01	
 5.3526e+01	
 5.4080e+01	
 5.4544e+01	
 5.4944e+01	
 5.5304e+01	
 5.6176e+01	
 5.6112e+01	
 5.6890e+01	
 5.7526e+01	
 5.7984e+01	
 5.8970e+01	
 5.9246e+01	
 6.0050e+01	
 6.0314e+01	
 6.0484e+01	
 6.0136e+01	
 6.0814e+01	
 6.1370e+01	
 6.1820e+01	
 6.1592e+01	
 6.2240e+01	
 6.3162e+01	
 6.3740e+01	
 6.3874e+01	
 6.3798e+01	
 6.3712e+01	
 6.4104e+01	
 6.4566e+01	
 6.5238e+01	
 6.5528e+01	
 6.6226e+01	
 6.6974e+01	
 6.7278e+01	
 6.8068e+01	
 6.8260e+01	
 6.8582e+01	
 6.9016e+01	
 6.9810e+01	
 7.0396e+01	
 7.0732e+01	
 7.1318e+01	
 7.1830e+01	
 7.2122e+01	
 7.2496e+01	
 7.2652e+01	
 7.2844e+01	
 7.3300e+01	
 7.3724e+01	
 7.4206e+01	
 7.5148e+01	
 7.5232e+01	
 7.5702e+01	
 7.5884e+01	
 7.6496e+01	
 7.6720e+01	
 7.7070e+01	
 7.7684e+01	
 7.8104e+01	
 7.8478e+01	
 7.9110e+01	
 7.9612e+01	
 7.9716e+01	
 8.0442e+01	
 8.0834e+01	
 8.0962e+01	
 8.1324e+01	
 8.1876e+01	
 8.2212e+01	
 8.2452e+01	
 8.2880e+01	
 8.3412e+01	
 8.3848e+01	
 8.4142e+01	
 8.4452e+01	
 8.4810e+01	
 8.5344e+01	
 8.5852e+01	
 8.6094e+01	
 8.6400e+01	
 8.6842e+01	
 8.7262e+01	
 8.7622e+01	
 8.8046e+01	
 8.8330e+01	
 8.8634e+01	
 8.9016e+01	
 8.9528e+01	
 8.9710e+01	
 9.0204e+01	
 9.0434e+01	
 9.0766e+01	
 9.1072e+01	
 9.1446e+01	
 9.1608e+01	
 9.2076e+01	
 9.2360e+01	
 9.2568e+01	
 9.2982e+01	
 9.3332e+01	
 9.3498e+01	
 9.3754e+01	
 9.4096e+01	
 9.4344e+01	
 9.4644e+01	
 9.4972e+01	
 9.4974e+01	
 9.5338e+01	
 9.5564e+01	
 9.5814e+01	
 9.6112e+01	
 9.6296e+01	
 9.6586e+01	
 9.6820e+01	
 9.6862e+01	
 9.7068e+01	
 9.7192e+01	
 9.7320e+01	
 9.7542e+01	
 9.7556e+01	
 9.7822e+01	
 9.7866e+01	
 9.8022e+01	
 9.8140e+01	
 9.8242e+01	
 9.8340e+01	
 9.8384e+01	
 9.8494e+01	
 9.8598e+01	
 9.8680e+01	
 9.8670e+01	
 9.8766e+01	
 9.8854e+01	
 9.8866e+01	
 9.8956e+01	
 9.8948e+01	
 9.9020e+01	
 9.9080e+01	
 9.9112e+01	
 9.9188e+01	
 9.9188e+01	
 9.9196e+01	
 9.9256e+01	
 9.9256e+01	
 9.9316e+01	
 9.9332e+01	
 9.9340e+01	
 9.9358e+01	
 9.9366e+01	
 9.9418e+01	
 9.9422e+01	
 9.9440e+01	
 9.9462e+01	
 9.9460e+01	
 9.9482e+01	
 9.9494e+01	
 9.9500e+01	
 9.9518e+01	
 9.9532e+01	
 9.9554e+01	
 9.9560e+01	
 9.9582e+01	
 9.9586e+01	
 9.9606e+01	
