% mean class accuracy (train set)	
 2.8070e+01	
 3.9175e+01	
 4.4885e+01	
 4.9205e+01	
 5.2750e+01	
 5.5875e+01	
 5.8655e+01	
 6.1055e+01	
 6.3095e+01	
 6.5475e+01	
 6.7165e+01	
 6.8885e+01	
 7.0995e+01	
 7.2220e+01	
 7.3655e+01	
 7.4885e+01	
 7.6625e+01	
 7.7515e+01	
 7.8765e+01	
 7.9885e+01	
 8.0855e+01	
 8.1745e+01	
 8.2575e+01	
 8.3370e+01	
 8.4295e+01	
 8.5080e+01	
 8.5825e+01	
 8.6590e+01	
 8.7260e+01	
 8.7980e+01	
 8.8520e+01	
 8.9305e+01	
 8.9950e+01	
 9.0425e+01	
 9.0985e+01	
 9.1410e+01	
 9.2115e+01	
 9.2555e+01	
 9.3085e+01	
 9.3320e+01	
 9.3750e+01	
 9.4280e+01	
 9.4825e+01	
 9.5165e+01	
 9.5615e+01	
 9.5820e+01	
 9.6235e+01	
 9.6270e+01	
 9.6870e+01	
 9.7145e+01	
 9.7330e+01	
 9.7445e+01	
 9.7820e+01	
 9.8025e+01	
 9.8295e+01	
 9.8385e+01	
 9.8470e+01	
 9.8670e+01	
 9.8810e+01	
 9.8865e+01	
 9.9075e+01	
 9.9105e+01	
 9.9265e+01	
 9.9360e+01	
 9.9445e+01	
