% mean class accuracy (train set)	
 7.8121e+01	
 8.5932e+01	
 8.8678e+01	
 9.0643e+01	
 9.2372e+01	
 9.3969e+01	
 9.5258e+01	
 9.6503e+01	
 9.7465e+01	
 9.8324e+01	
 9.8927e+01	
 9.9334e+01	
 9.9616e+01	
 9.9793e+01	
 9.9883e+01	
 9.9940e+01	
 9.9966e+01	
 9.9974e+01	
 9.9988e+01	
 9.9992e+01	
 9.9995e+01	
 9.9995e+01	
 9.9996e+01	
 9.9997e+01	
 9.9999e+01	
 1.0000e+02	
 1.0000e+02	
 1.0000e+02	
 1.0000e+02	
 1.0000e+02	
 1.0000e+02	
 1.0000e+02	
 1.0000e+02	
 1.0000e+02	
 1.0000e+02	
 1.0000e+02	
 1.0000e+02	
 1.0000e+02	
 1.0000e+02	
 1.0000e+02	
 1.0000e+02	
 1.0000e+02	
 1.0000e+02	
 1.0000e+02	
 1.0000e+02	
 1.0000e+02	
 1.0000e+02	
 1.0000e+02	
 1.0000e+02	
 1.0000e+02	
 1.0000e+02	
