% mean class accuracy (train set)	
 2.9436e+01	
 3.3586e+01	
 3.5166e+01	
 3.5964e+01	
 3.6892e+01	
 3.7194e+01	
 3.7768e+01	
 3.8378e+01	
 3.8272e+01	
 3.8818e+01	
 3.8974e+01	
 3.9346e+01	
 3.9472e+01	
 3.9750e+01	
 4.0326e+01	
 4.0358e+01	
 4.0328e+01	
 4.0696e+01	
 4.0826e+01	
 4.1202e+01	
 4.1068e+01	
 4.1320e+01	
 4.1590e+01	
 4.1914e+01	
 4.1796e+01	
 4.1984e+01	
 4.2140e+01	
 4.2188e+01	
 4.2330e+01	
 4.2536e+01	
 4.2360e+01	
 4.2584e+01	
 4.2834e+01	
 4.2852e+01	
 4.2608e+01	
 4.2902e+01	
 4.3318e+01	
 4.3074e+01	
 4.3340e+01	
 4.3504e+01	
 4.3522e+01	
 4.3526e+01	
 4.3692e+01	
 4.3594e+01	
 4.3772e+01	
 4.4132e+01	
 4.4288e+01	
 4.4312e+01	
 4.4128e+01	
 4.4390e+01	
 4.4516e+01	
 4.4440e+01	
 4.4612e+01	
 4.4668e+01	
 4.4742e+01	
 4.4936e+01	
 4.5082e+01	
 4.5120e+01	
 4.5098e+01	
 4.5194e+01	
 4.5250e+01	
 4.5180e+01	
 4.5414e+01	
 4.5204e+01	
 4.5670e+01	
 4.5778e+01	
 4.5850e+01	
 4.5760e+01	
 4.6190e+01	
 4.5920e+01	
 4.6124e+01	
 4.6160e+01	
 4.6266e+01	
 4.6422e+01	
 4.6592e+01	
 4.6330e+01	
 4.6690e+01	
 4.6852e+01	
 4.7154e+01	
 4.6784e+01	
 4.6862e+01	
 4.6976e+01	
 4.7012e+01	
 4.7342e+01	
 4.7160e+01	
 4.7332e+01	
 4.7370e+01	
 4.7334e+01	
 4.7474e+01	
 4.7562e+01	
 4.7644e+01	
 4.7814e+01	
 4.7722e+01	
 4.7652e+01	
 4.7936e+01	
 4.7812e+01	
 4.8030e+01	
 4.7974e+01	
 4.8408e+01	
 4.8184e+01	
 4.8154e+01	
 4.8598e+01	
 4.8392e+01	
 4.8380e+01	
 4.8570e+01	
 4.8562e+01	
 4.8360e+01	
 4.8618e+01	
 4.8630e+01	
 4.8810e+01	
 4.8860e+01	
 4.8740e+01	
 4.8962e+01	
 4.9024e+01	
 4.8652e+01	
 4.8902e+01	
 4.8900e+01	
 4.9022e+01	
 4.9410e+01	
 4.9252e+01	
 4.9358e+01	
 4.9326e+01	
 4.9420e+01	
 4.9582e+01	
 4.9526e+01	
 4.9688e+01	
 4.9506e+01	
 4.9890e+01	
 4.9792e+01	
 4.9846e+01	
 4.9958e+01	
 5.0030e+01	
 4.9978e+01	
 5.0198e+01	
 4.9822e+01	
 5.0232e+01	
 5.0076e+01	
 5.0134e+01	
 5.0210e+01	
 5.0076e+01	
 5.0502e+01	
 5.0258e+01	
 5.0322e+01	
 5.0544e+01	
 5.0400e+01	
 5.0468e+01	
 5.0422e+01	
 5.0688e+01	
 5.0550e+01	
 5.0584e+01	
 5.0688e+01	
 5.0800e+01	
 5.0992e+01	
 5.0828e+01	
 5.1110e+01	
 5.0784e+01	
 5.0918e+01	
 5.1060e+01	
 5.1140e+01	
 5.1100e+01	
 5.1200e+01	
 5.1140e+01	
 5.1450e+01	
 5.1124e+01	
 5.1406e+01	
 5.1302e+01	
 5.1312e+01	
 5.1440e+01	
 5.1430e+01	
 5.1436e+01	
 5.1424e+01	
 5.1568e+01	
 5.1702e+01	
 5.1858e+01	
 5.1764e+01	
 5.1724e+01	
 5.1750e+01	
 5.1920e+01	
 5.2020e+01	
 5.1768e+01	
 5.1938e+01	
 5.1762e+01	
 5.2006e+01	
 5.2092e+01	
 5.2170e+01	
 5.2232e+01	
 5.2154e+01	
 5.2194e+01	
 5.2136e+01	
 5.2302e+01	
 5.2278e+01	
 5.2568e+01	
 5.2296e+01	
 5.2380e+01	
 5.2494e+01	
 5.2520e+01	
 5.2440e+01	
 5.2586e+01	
 5.2650e+01	
 5.2478e+01	
 5.2688e+01	
 5.2788e+01	
 5.2770e+01	
 5.2680e+01	
 5.2890e+01	
 5.2670e+01	
 5.2980e+01	
 5.2752e+01	
 5.2832e+01	
 5.3062e+01	
 5.2846e+01	
 5.2902e+01	
 5.3118e+01	
 5.3230e+01	
 5.3184e+01	
 5.2984e+01	
 5.3246e+01	
 5.3130e+01	
 5.3602e+01	
 5.3234e+01	
 5.3426e+01	
 5.3326e+01	
 5.3522e+01	
 5.3252e+01	
 5.3244e+01	
 5.3650e+01	
 5.3358e+01	
 5.3608e+01	
 5.3524e+01	
 5.3616e+01	
 5.3560e+01	
 5.3602e+01	
 5.3744e+01	
 5.3678e+01	
 5.3686e+01	
 5.3844e+01	
 5.3790e+01	
 5.3778e+01	
 5.4000e+01	
 5.3736e+01	
 5.4044e+01	
 5.3996e+01	
 5.3872e+01	
 5.3894e+01	
 5.4044e+01	
 5.4010e+01	
 5.3948e+01	
 5.3996e+01	
 5.4212e+01	
 5.4234e+01	
 5.3994e+01	
 5.4172e+01	
 5.4284e+01	
 5.4366e+01	
 5.4432e+01	
 5.4170e+01	
 5.4480e+01	
 5.4278e+01	
 5.4566e+01	
 5.4362e+01	
 5.4446e+01	
 5.4620e+01	
 5.4430e+01	
 5.4924e+01	
 5.4368e+01	
 5.4816e+01	
 5.4692e+01	
 5.4978e+01	
 5.4732e+01	
 5.4824e+01	
 5.4742e+01	
 5.4830e+01	
 5.4850e+01	
 5.4762e+01	
 5.5062e+01	
 5.5006e+01	
 5.5044e+01	
 5.4956e+01	
 5.4986e+01	
 5.4988e+01	
 5.5294e+01	
 5.5050e+01	
 5.5048e+01	
 5.4942e+01	
 5.5380e+01	
 5.5014e+01	
 5.5022e+01	
 5.5124e+01	
 5.5244e+01	
 5.5376e+01	
 5.5276e+01	
 5.5316e+01	
 5.5420e+01	
 5.5382e+01	
 5.5182e+01	
 5.5472e+01	
 5.5408e+01	
 5.5422e+01	
 5.5632e+01	
 5.5458e+01	
 5.5590e+01	
 5.5676e+01	
 5.5766e+01	
 5.5682e+01	
 5.5680e+01	
 5.5828e+01	
 5.5688e+01	
 5.5714e+01	
 5.5568e+01	
 5.5770e+01	
 5.5674e+01	
 5.5670e+01	
 5.5794e+01	
 5.5808e+01	
 5.5818e+01	
 5.5794e+01	
 5.5948e+01	
 5.6038e+01	
 5.6022e+01	
 5.5946e+01	
 5.5976e+01	
 5.6194e+01	
 5.6026e+01	
 5.6022e+01	
 5.6152e+01	
 5.6144e+01	
 5.6212e+01	
 5.6340e+01	
 5.6432e+01	
 5.6286e+01	
 5.6388e+01	
 5.6422e+01	
 5.6370e+01	
 5.6428e+01	
 5.6500e+01	
 5.6432e+01	
 5.6486e+01	
 5.6522e+01	
 5.6560e+01	
 5.6462e+01	
 5.6352e+01	
 5.6210e+01	
 5.6388e+01	
 5.6404e+01	
 5.6608e+01	
 5.6646e+01	
 5.6698e+01	
 5.6778e+01	
 5.6652e+01	
 5.6642e+01	
 5.6760e+01	
 5.6704e+01	
 5.6860e+01	
 5.6616e+01	
 5.6598e+01	
 5.6892e+01	
 5.7008e+01	
 5.6820e+01	
 5.6884e+01	
 5.6934e+01	
 5.7104e+01	
 5.7026e+01	
 5.6968e+01	
 5.6904e+01	
 5.6876e+01	
 5.7272e+01	
 5.7210e+01	
 5.7160e+01	
 5.6912e+01	
 5.7118e+01	
 5.7142e+01	
 5.7134e+01	
 5.7044e+01	
 5.7310e+01	
 5.7204e+01	
 5.7340e+01	
 5.7078e+01	
 5.7236e+01	
 5.7408e+01	
 5.7382e+01	
 5.7294e+01	
 5.7516e+01	
 5.7430e+01	
 5.7310e+01	
 5.7522e+01	
 5.7578e+01	
 5.7690e+01	
 5.7370e+01	
 5.7542e+01	
 5.7708e+01	
 5.7718e+01	
 5.7588e+01	
 5.7558e+01	
 5.7698e+01	
 5.7778e+01	
 5.7526e+01	
 5.7598e+01	
 5.7720e+01	
 5.7592e+01	
 5.7742e+01	
 5.7750e+01	
 5.7864e+01	
 5.7724e+01	
 5.7852e+01	
 5.7916e+01	
 5.7832e+01	
 5.7816e+01	
 5.7898e+01	
 5.8150e+01	
 5.7948e+01	
 5.7920e+01	
 5.7966e+01	
 5.8150e+01	
 5.8108e+01	
 5.8146e+01	
 5.7934e+01	
 5.8186e+01	
 5.8048e+01	
 5.8110e+01	
 5.8048e+01	
 5.8420e+01	
 5.8154e+01	
 5.8286e+01	
 5.8136e+01	
 5.8274e+01	
 5.8200e+01	
 5.8316e+01	
 5.8244e+01	
 5.8276e+01	
 5.8408e+01	
 5.8378e+01	
 5.8366e+01	
 5.8300e+01	
 5.8670e+01	
 5.8606e+01	
 5.8488e+01	
 5.8430e+01	
 5.8420e+01	
 5.8680e+01	
 5.8442e+01	
 5.8564e+01	
 5.8540e+01	
 5.8492e+01	
 5.8682e+01	
 5.8820e+01	
 5.8670e+01	
 5.8462e+01	
 5.8756e+01	
 5.8494e+01	
 5.8820e+01	
 5.8702e+01	
 5.8642e+01	
 5.8858e+01	
 5.8862e+01	
 5.8556e+01	
 5.8636e+01	
 5.8954e+01	
 5.8956e+01	
 5.8988e+01	
 5.8922e+01	
 5.9024e+01	
 5.8928e+01	
 5.9084e+01	
 5.8918e+01	
 5.9034e+01	
 5.9136e+01	
 5.8896e+01	
 5.9040e+01	
 5.9064e+01	
 5.9086e+01	
 5.9210e+01	
 5.9200e+01	
 5.9160e+01	
 5.9108e+01	
 5.9454e+01	
 5.9422e+01	
 5.9118e+01	
 5.9398e+01	
 5.9042e+01	
 5.9240e+01	
 5.9300e+01	
 5.9344e+01	
 5.9190e+01	
 5.9398e+01	
 5.9396e+01	
 5.9450e+01	
 5.9368e+01	
 5.9520e+01	
 5.9380e+01	
 5.9328e+01	
 5.9406e+01	
 5.9572e+01	
 5.9750e+01	
 5.9524e+01	
 5.9584e+01	
 5.9632e+01	
 5.9550e+01	
 5.9698e+01	
 5.9700e+01	
 5.9612e+01	
 5.9842e+01	
 5.9632e+01	
 5.9650e+01	
 5.9718e+01	
 5.9552e+01	
 5.9728e+01	
 5.9746e+01	
 5.9762e+01	
 5.9762e+01	
 5.9890e+01	
 5.9950e+01	
 5.9838e+01	
 5.9858e+01	
 5.9834e+01	
 6.0036e+01	
 5.9952e+01	
 5.9840e+01	
 5.9962e+01	
 5.9956e+01	
 5.9996e+01	
 5.9954e+01	
 5.9932e+01	
 6.0044e+01	
 5.9920e+01	
 6.0138e+01	
 6.0148e+01	
 6.0074e+01	
 6.0154e+01	
 5.9908e+01	
 6.0116e+01	
 6.0050e+01	
 6.0270e+01	
 6.0296e+01	
 6.0376e+01	
 6.0278e+01	
 6.0306e+01	
 6.0320e+01	
 6.0428e+01	
 6.0204e+01	
 6.0216e+01	
 6.0300e+01	
 6.0482e+01	
 6.0342e+01	
 6.0202e+01	
 6.0324e+01	
 6.0520e+01	
 6.0354e+01	
 6.0450e+01	
 6.0280e+01	
 6.0352e+01	
 6.0376e+01	
 6.0456e+01	
 6.0396e+01	
 6.0332e+01	
 6.0552e+01	
 6.0566e+01	
 6.0624e+01	
 6.0354e+01	
 6.0626e+01	
 6.0702e+01	
 6.0544e+01	
 6.0534e+01	
 6.0676e+01	
 6.0620e+01	
 6.0574e+01	
 6.0576e+01	
 6.0862e+01	
 6.0814e+01	
 6.0766e+01	
 6.0820e+01	
 6.0866e+01	
 6.0834e+01	
 6.0810e+01	
 6.0730e+01	
 6.0938e+01	
 6.0844e+01	
 6.0892e+01	
 6.0760e+01	
 6.0866e+01	
 6.0918e+01	
 6.0844e+01	
 6.0932e+01	
 6.0732e+01	
 6.0750e+01	
 6.0996e+01	
 6.0998e+01	
 6.0998e+01	
 6.1046e+01	
 6.1028e+01	
 6.1190e+01	
 6.1032e+01	
 6.1072e+01	
 6.1148e+01	
 6.0942e+01	
 6.1002e+01	
 6.1058e+01	
 6.1266e+01	
 6.1158e+01	
 6.1146e+01	
 6.1186e+01	
 6.1314e+01	
 6.1006e+01	
 6.1240e+01	
 6.1268e+01	
 6.1192e+01	
 6.1130e+01	
 6.1366e+01	
 6.1472e+01	
 6.1250e+01	
 6.1302e+01	
 6.1312e+01	
 6.1202e+01	
 6.1456e+01	
 6.1504e+01	
 6.1302e+01	
 6.1572e+01	
 6.1500e+01	
 6.1666e+01	
 6.1604e+01	
 6.1344e+01	
 6.1528e+01	
 6.1532e+01	
 6.1488e+01	
 6.1522e+01	
 6.1414e+01	
 6.1580e+01	
 6.1646e+01	
 6.1406e+01	
 6.1450e+01	
 6.1636e+01	
 6.1528e+01	
 6.1692e+01	
 6.1750e+01	
 6.1756e+01	
 6.1528e+01	
 6.1938e+01	
 6.1792e+01	
 6.1606e+01	
 6.1674e+01	
 6.1888e+01	
 6.1928e+01	
 6.1824e+01	
 6.1656e+01	
 6.1816e+01	
 6.2032e+01	
 6.1966e+01	
 6.1844e+01	
 6.1892e+01	
 6.2078e+01	
 6.2046e+01	
 6.1900e+01	
 6.1970e+01	
 6.2258e+01	
 6.1996e+01	
 6.2008e+01	
 6.2002e+01	
 6.2026e+01	
 6.2054e+01	
 6.2262e+01	
 6.2252e+01	
 6.2188e+01	
 6.2220e+01	
 6.1938e+01	
 6.2318e+01	
 6.2176e+01	
 6.2118e+01	
 6.2222e+01	
 6.2082e+01	
 6.2380e+01	
 6.2352e+01	
 6.2396e+01	
 6.2228e+01	
 6.2296e+01	
 6.2318e+01	
 6.2322e+01	
 6.2218e+01	
 6.2322e+01	
 6.2206e+01	
 6.2240e+01	
 6.2262e+01	
 6.2472e+01	
 6.2304e+01	
 6.2476e+01	
 6.2418e+01	
 6.2354e+01	
 6.2490e+01	
 6.2452e+01	
 6.2388e+01	
 6.2452e+01	
 6.2552e+01	
 6.2586e+01	
 6.2560e+01	
 6.2598e+01	
 6.2498e+01	
 6.2516e+01	
 6.2530e+01	
 6.2526e+01	
 6.2478e+01	
 6.2592e+01	
 6.2578e+01	
 6.2640e+01	
 6.2650e+01	
 6.2714e+01	
 6.2648e+01	
 6.2602e+01	
 6.2608e+01	
 6.2764e+01	
 6.2950e+01	
 6.2700e+01	
 6.2712e+01	
 6.2904e+01	
 6.2854e+01	
 6.2898e+01	
 6.2932e+01	
 6.2756e+01	
 6.2878e+01	
 6.2762e+01	
 6.2820e+01	
 6.2816e+01	
 6.2716e+01	
 6.3056e+01	
 6.3116e+01	
 6.2820e+01	
 6.2940e+01	
 6.3026e+01	
 6.2824e+01	
 6.2714e+01	
 6.3090e+01	
 6.3078e+01	
 6.3110e+01	
 6.2958e+01	
 6.2974e+01	
 6.2870e+01	
 6.2996e+01	
 6.3328e+01	
 6.3018e+01	
 6.3164e+01	
 6.3154e+01	
 6.3172e+01	
 6.3292e+01	
 6.3130e+01	
 6.3122e+01	
 6.3192e+01	
 6.3112e+01	
 6.3198e+01	
 6.3370e+01	
 6.3280e+01	
 6.3402e+01	
 6.3158e+01	
 6.3316e+01	
 6.3240e+01	
 6.3158e+01	
 6.3352e+01	
 6.3452e+01	
 6.3466e+01	
 6.3324e+01	
 6.3418e+01	
 6.3398e+01	
 6.3314e+01	
 6.3364e+01	
 6.3592e+01	
 6.3408e+01	
 6.3422e+01	
 6.3522e+01	
 6.3458e+01	
 6.3376e+01	
 6.3514e+01	
 6.3430e+01	
 6.3696e+01	
 6.3422e+01	
 6.3440e+01	
 6.3518e+01	
 6.3626e+01	
 6.3522e+01	
 6.3516e+01	
 6.3656e+01	
 6.3426e+01	
 6.3588e+01	
 6.3450e+01	
 6.3682e+01	
 6.3514e+01	
 6.3776e+01	
 6.3572e+01	
 6.3590e+01	
 6.3660e+01	
 6.3660e+01	
 6.3756e+01	
 6.3740e+01	
 6.3584e+01	
 6.3712e+01	
 6.3816e+01	
 6.3806e+01	
 6.3736e+01	
 6.4156e+01	
 6.3760e+01	
 6.3828e+01	
 6.3682e+01	
 6.3814e+01	
 6.4066e+01	
 6.3870e+01	
 6.4068e+01	
 6.3870e+01	
 6.3988e+01	
 6.3966e+01	
 6.3950e+01	
 6.3844e+01	
 6.4068e+01	
 6.4098e+01	
 6.4014e+01	
 6.3932e+01	
 6.4094e+01	
 6.3918e+01	
 6.4006e+01	
 6.4000e+01	
 6.4074e+01	
 6.4090e+01	
 6.4078e+01	
 6.3946e+01	
 6.3912e+01	
 6.4308e+01	
 6.3878e+01	
 6.4202e+01	
 6.3980e+01	
 6.4248e+01	
 6.4156e+01	
 6.4076e+01	
 6.4066e+01	
 6.4302e+01	
 6.4264e+01	
 6.4094e+01	
 6.4288e+01	
 6.4374e+01	
 6.4046e+01	
 6.4136e+01	
 6.4208e+01	
 6.4412e+01	
 6.4316e+01	
 6.4586e+01	
 6.4448e+01	
 6.4280e+01	
 6.4328e+01	
 6.4254e+01	
 6.4494e+01	
 6.4370e+01	
 6.4310e+01	
 6.4378e+01	
 6.4520e+01	
 6.4310e+01	
 6.4480e+01	
 6.4790e+01	
 6.4356e+01	
 6.4312e+01	
 6.4322e+01	
 6.4494e+01	
 6.4424e+01	
 6.4416e+01	
 6.4472e+01	
 6.4654e+01	
 6.4328e+01	
 6.4618e+01	
 6.4638e+01	
 6.4322e+01	
 6.4678e+01	
 6.4610e+01	
 6.4648e+01	
 6.4700e+01	
 6.4530e+01	
 6.4566e+01	
 6.4628e+01	
 6.4574e+01	
 6.4682e+01	
 6.4838e+01	
 6.4778e+01	
 6.4718e+01	
 6.4448e+01	
 6.4634e+01	
 6.4606e+01	
 6.4884e+01	
 6.4948e+01	
 6.4844e+01	
 6.4788e+01	
 6.4990e+01	
 6.4796e+01	
 6.4960e+01	
 6.4904e+01	
 6.4936e+01	
 6.4732e+01	
 6.5056e+01	
 6.4874e+01	
 6.4934e+01	
 6.4856e+01	
 6.4938e+01	
 6.4850e+01	
 6.5050e+01	
 6.5146e+01	
 6.4928e+01	
 6.5232e+01	
 6.5056e+01	
 6.4914e+01	
 6.4980e+01	
 6.5050e+01	
 6.4948e+01	
 6.5198e+01	
 6.5064e+01	
 6.4978e+01	
 6.5126e+01	
 6.5028e+01	
 6.5180e+01	
 6.5164e+01	
 6.4978e+01	
 6.4972e+01	
 6.5148e+01	
 6.4854e+01	
 6.5216e+01	
 6.5224e+01	
 6.5220e+01	
 6.5024e+01	
 6.5396e+01	
 6.5156e+01	
 6.5304e+01	
 6.5392e+01	
 6.5322e+01	
 6.5188e+01	
 6.5392e+01	
 6.5280e+01	
 6.5274e+01	
 6.5382e+01	
 6.5342e+01	
 6.5400e+01	
 6.5144e+01	
 6.5322e+01	
 6.5232e+01	
 6.5378e+01	
 6.5422e+01	
 6.5492e+01	
 6.5316e+01	
 6.5504e+01	
 6.5358e+01	
 6.5422e+01	
 6.5480e+01	
 6.5544e+01	
 6.5424e+01	
 6.5464e+01	
 6.5470e+01	
 6.5640e+01	
 6.5490e+01	
 6.5630e+01	
 6.5438e+01	
 6.5612e+01	
 6.5588e+01	
 6.5554e+01	
 6.5576e+01	
 6.5480e+01	
 6.5418e+01	
 6.5678e+01	
 6.5632e+01	
 6.5590e+01	
 6.5600e+01	
 6.5608e+01	
 6.5770e+01	
 6.5574e+01	
 6.5618e+01	
 6.5640e+01	
 6.5844e+01	
 6.5528e+01	
 6.5622e+01	
 6.5826e+01	
 6.5758e+01	
 6.5624e+01	
 6.5782e+01	
 6.5802e+01	
 6.5742e+01	
 6.6010e+01	
 6.5678e+01	
 6.5964e+01	
 6.5766e+01	
 6.5604e+01	
 6.5898e+01	
 6.5846e+01	
 6.5942e+01	
 6.5850e+01	
 6.6066e+01	
 6.5922e+01	
 6.5844e+01	
 6.5850e+01	
 6.5970e+01	
 6.5908e+01	
 6.6048e+01	
 6.5776e+01	
 6.5988e+01	
 6.5988e+01	
 6.5804e+01	
 6.5948e+01	
 6.5998e+01	
 6.5834e+01	
 6.6052e+01	
 6.6008e+01	
 6.6126e+01	
 6.6082e+01	
 6.6278e+01	
 6.5836e+01	
 6.5922e+01	
 6.6146e+01	
 6.6264e+01	
 6.6080e+01	
 6.6078e+01	
 6.6072e+01	
 6.6056e+01	
 6.6126e+01	
 6.6176e+01	
 6.6284e+01	
 6.6092e+01	
 6.6220e+01	
 6.6006e+01	
 6.6112e+01	
 6.6090e+01	
 6.6040e+01	
 6.6096e+01	
 6.6262e+01	
 6.6226e+01	
 6.6346e+01	
 6.6134e+01	
 6.6282e+01	
 6.6440e+01	
 6.6360e+01	
 6.6242e+01	
 6.6184e+01	
 6.6376e+01	
 6.6172e+01	
 6.6412e+01	
 6.6328e+01	
 6.6436e+01	
 6.6352e+01	
 6.6318e+01	
 6.6418e+01	
 6.6296e+01	
 6.6572e+01	
 6.6364e+01	
 6.6514e+01	
 6.6412e+01	
 6.6466e+01	
 6.6544e+01	
 6.6498e+01	
 6.6428e+01	
 6.6518e+01	
 6.6612e+01	
 6.6646e+01	
 6.6456e+01	
 6.6286e+01	
 6.6586e+01	
 6.6502e+01	
 6.6492e+01	
 6.6508e+01	
 6.6534e+01	
 6.6564e+01	
 6.6628e+01	
 6.6606e+01	
 6.6578e+01	
 6.6474e+01	
 6.6532e+01	
 6.6690e+01	
 6.6924e+01	
 6.6618e+01	
 6.6790e+01	
 6.6738e+01	
 6.6698e+01	
 6.6722e+01	
 6.6866e+01	
 6.6772e+01	
 6.6490e+01	
 6.6862e+01	
 6.6926e+01	
 6.6714e+01	
 6.6708e+01	
 6.6760e+01	
 6.6750e+01	
 6.6662e+01	
 6.6834e+01	
 6.6598e+01	
 6.6632e+01	
 6.6808e+01	
 6.6852e+01	
 6.6994e+01	
 6.6896e+01	
 6.6782e+01	
 6.6904e+01	
 6.6950e+01	
 6.6892e+01	
 6.6906e+01	
 6.6930e+01	
 6.6760e+01	
 6.7138e+01	
 6.6914e+01	
 6.6872e+01	
 6.6960e+01	
 6.6992e+01	
 6.7022e+01	
 6.7110e+01	
 6.7116e+01	
 6.7122e+01	
 6.7002e+01	
 6.7190e+01	
 6.7248e+01	
 6.6810e+01	
 6.7024e+01	
 6.7126e+01	
 6.6910e+01	
 6.7188e+01	
 6.7022e+01	
 6.6892e+01	
 6.7142e+01	
 6.7174e+01	
 6.7044e+01	
 6.7140e+01	
 6.6930e+01	
 6.7116e+01	
 6.7014e+01	
 6.7188e+01	
 6.7222e+01	
 6.7114e+01	
 6.7168e+01	
 6.7026e+01	
 6.7294e+01	
 6.7242e+01	
 6.7208e+01	
 6.7406e+01	
 6.7280e+01	
 6.7348e+01	
 6.7208e+01	
 6.7316e+01	
 6.7258e+01	
 6.7416e+01	
 6.7348e+01	
 6.7376e+01	
 6.7328e+01	
 6.7482e+01	
 6.7330e+01	
 6.7182e+01	
 6.7512e+01	
 6.7320e+01	
 6.7440e+01	
 6.7262e+01	
 6.7388e+01	
 6.7304e+01	
 6.7372e+01	
 6.7358e+01	
 6.7494e+01	
 6.7688e+01	
 6.7256e+01	
 6.7456e+01	
 6.7322e+01	
 6.7360e+01	
 6.7532e+01	
 6.7428e+01	
 6.7502e+01	
 6.7630e+01	
 6.7550e+01	
 6.7364e+01	
 6.7708e+01	
 6.7736e+01	
 6.7456e+01	
 6.7662e+01	
 6.7582e+01	
 6.7724e+01	
 6.7598e+01	
 6.7532e+01	
 6.7650e+01	
 6.7494e+01	
 6.7810e+01	
 6.7592e+01	
 6.7502e+01	
 6.7686e+01	
 6.7860e+01	
 6.7742e+01	
 6.7724e+01	
 6.7520e+01	
 6.7692e+01	
 6.7964e+01	
 6.7698e+01	
 6.7712e+01	
 6.7860e+01	
 6.7530e+01	
 6.7708e+01	
 6.7772e+01	
 6.7864e+01	
 6.7754e+01	
 6.7702e+01	
 6.7752e+01	
 6.7638e+01	
 6.8028e+01	
 6.7778e+01	
 6.7970e+01	
 6.7886e+01	
 6.7924e+01	
 6.7740e+01	
 6.7886e+01	
 6.7908e+01	
 6.7910e+01	
 6.8002e+01	
 6.7848e+01	
 6.7716e+01	
 6.7860e+01	
 6.7900e+01	
 6.8004e+01	
 6.7792e+01	
 6.8060e+01	
 6.8012e+01	
 6.7986e+01	
 6.7994e+01	
 6.7996e+01	
 6.7808e+01	
 6.8016e+01	
 6.8052e+01	
 6.7860e+01	
 6.7878e+01	
 6.8044e+01	
 6.8000e+01	
 6.8070e+01	
 6.7968e+01	
 6.8074e+01	
 6.8068e+01	
 6.8118e+01	
 6.8180e+01	
 6.7988e+01	
 6.8030e+01	
 6.7976e+01	
 6.8228e+01	
 6.8104e+01	
 6.8140e+01	
 6.7992e+01	
 6.8066e+01	
 6.8264e+01	
 6.8210e+01	
 6.8156e+01	
 6.8142e+01	
 6.8228e+01	
 6.8210e+01	
 6.8164e+01	
 6.8206e+01	
 6.7988e+01	
 6.8178e+01	
 6.8210e+01	
 6.8070e+01	
 6.8358e+01	
 6.8154e+01	
 6.8380e+01	
 6.8118e+01	
 6.8356e+01	
 6.8324e+01	
 6.8134e+01	
 6.8282e+01	
 6.8336e+01	
 6.8386e+01	
 6.8244e+01	
 6.8400e+01	
 6.8242e+01	
 6.8364e+01	
 6.8534e+01	
 6.8442e+01	
 6.8390e+01	
 6.8404e+01	
 6.8418e+01	
 6.8514e+01	
 6.8468e+01	
 6.8352e+01	
 6.8452e+01	
 6.8206e+01	
 6.8548e+01	
 6.8330e+01	
 6.8410e+01	
 6.8538e+01	
 6.8558e+01	
 6.8476e+01	
 6.8464e+01	
 6.8596e+01	
 6.8612e+01	
 6.8390e+01	
 6.8510e+01	
 6.8634e+01	
 6.8532e+01	
 6.8564e+01	
 6.8466e+01	
 6.8710e+01	
 6.8552e+01	
 6.8554e+01	
 6.8576e+01	
 6.8462e+01	
 6.8562e+01	
 6.8714e+01	
 6.8704e+01	
 6.8570e+01	
 6.8412e+01	
 6.8598e+01	
 6.8790e+01	
 6.8796e+01	
 6.8770e+01	
 6.8690e+01	
 6.8720e+01	
 6.8674e+01	
 6.8666e+01	
 6.8812e+01	
 6.8720e+01	
 6.8834e+01	
 6.8818e+01	
 6.8720e+01	
 6.8860e+01	
 6.8782e+01	
 6.8810e+01	
 6.8708e+01	
 6.8680e+01	
 6.8798e+01	
 6.8672e+01	
 6.8726e+01	
 6.8792e+01	
 6.9006e+01	
 6.8772e+01	
 6.8916e+01	
 6.8828e+01	
 6.8966e+01	
 6.8876e+01	
 6.9042e+01	
 6.8988e+01	
 6.8972e+01	
 6.8898e+01	
 6.8932e+01	
 6.8974e+01	
 6.8990e+01	
 6.8806e+01	
 6.9070e+01	
 6.8992e+01	
 6.8950e+01	
 6.8894e+01	
 6.8766e+01	
 6.8908e+01	
 6.9020e+01	
 6.9084e+01	
 6.9146e+01	
 6.8988e+01	
 6.8972e+01	
 6.9098e+01	
 6.9194e+01	
 6.8990e+01	
 6.9044e+01	
 6.9074e+01	
 6.9278e+01	
 6.9146e+01	
 6.8996e+01	
 6.9078e+01	
 6.9172e+01	
 6.9060e+01	
 6.9264e+01	
 6.9014e+01	
 6.9234e+01	
 6.9244e+01	
 6.9144e+01	
 6.8946e+01	
 6.9200e+01	
 6.9050e+01	
 6.9216e+01	
 6.9154e+01	
 6.9360e+01	
 6.9274e+01	
 6.9174e+01	
 6.9320e+01	
 6.9176e+01	
 6.9116e+01	
 6.9416e+01	
 6.9246e+01	
 6.9262e+01	
 6.9332e+01	
 6.9380e+01	
 6.9266e+01	
 6.9134e+01	
 6.9214e+01	
 6.9332e+01	
 6.9260e+01	
 6.9328e+01	
 6.9428e+01	
 6.9348e+01	
 6.9530e+01	
 6.9246e+01	
 6.9380e+01	
 6.9296e+01	
 6.9492e+01	
 6.9380e+01	
 6.9200e+01	
 6.9486e+01	
 6.9522e+01	
 6.9428e+01	
 6.9398e+01	
 6.9394e+01	
 6.9422e+01	
 6.9456e+01	
 6.9420e+01	
 6.9462e+01	
 6.9450e+01	
 6.9442e+01	
 6.9504e+01	
 6.9552e+01	
 6.9512e+01	
 6.9628e+01	
 6.9684e+01	
 6.9504e+01	
 6.9574e+01	
 6.9608e+01	
 6.9662e+01	
 6.9446e+01	
 6.9842e+01	
 6.9566e+01	
 6.9598e+01	
 6.9528e+01	
 6.9716e+01	
 6.9548e+01	
 6.9702e+01	
 6.9636e+01	
 6.9678e+01	
 6.9654e+01	
 6.9634e+01	
 6.9790e+01	
 6.9650e+01	
 6.9586e+01	
 6.9712e+01	
 6.9566e+01	
 6.9858e+01	
 6.9502e+01	
 6.9774e+01	
 6.9708e+01	
 6.9796e+01	
 6.9792e+01	
 6.9712e+01	
 6.9630e+01	
 6.9636e+01	
 6.9784e+01	
 6.9962e+01	
 6.9566e+01	
 6.9680e+01	
 6.9778e+01	
 6.9916e+01	
 6.9752e+01	
 6.9932e+01	
 6.9880e+01	
 6.9726e+01	
 6.9848e+01	
 6.9826e+01	
 6.9764e+01	
 6.9766e+01	
 6.9776e+01	
 6.9946e+01	
 6.9722e+01	
 6.9928e+01	
 6.9744e+01	
 6.9896e+01	
 6.9776e+01	
 6.9940e+01	
 6.9982e+01	
 7.0072e+01	
 6.9880e+01	
 6.9956e+01	
 6.9800e+01	
 6.9830e+01	
 6.9916e+01	
 6.9920e+01	
 6.9912e+01	
 6.9972e+01	
 6.9996e+01	
 6.9930e+01	
 7.0072e+01	
 7.0134e+01	
 6.9964e+01	
 6.9970e+01	
 7.0156e+01	
 7.0014e+01	
 6.9868e+01	
 6.9914e+01	
 7.0126e+01	
 7.0136e+01	
 6.9942e+01	
 6.9882e+01	
 6.9980e+01	
 6.9956e+01	
 7.0180e+01	
 6.9926e+01	
 7.0094e+01	
 7.0098e+01	
 7.0158e+01	
 7.0084e+01	
 7.0166e+01	
 7.0056e+01	
 7.0052e+01	
 7.0104e+01	
 7.0130e+01	
 7.0038e+01	
 7.0030e+01	
 7.0170e+01	
 7.0234e+01	
 7.0196e+01	
 7.0170e+01	
 7.0078e+01	
 7.0098e+01	
 7.0214e+01	
 7.0384e+01	
 7.0248e+01	
 7.0170e+01	
 7.0330e+01	
 7.0144e+01	
 7.0234e+01	
 7.0248e+01	
 7.0302e+01	
 7.0258e+01	
 7.0284e+01	
 7.0350e+01	
 7.0232e+01	
 7.0294e+01	
 7.0290e+01	
 7.0374e+01	
 7.0428e+01	
 7.0372e+01	
 7.0278e+01	
 7.0276e+01	
 7.0144e+01	
 7.0426e+01	
 7.0278e+01	
 7.0304e+01	
 7.0402e+01	
 7.0450e+01	
 7.0498e+01	
 7.0396e+01	
 7.0542e+01	
 7.0446e+01	
 7.0418e+01	
 7.0422e+01	
 7.0416e+01	
 7.0406e+01	
 7.0542e+01	
 7.0580e+01	
 7.0414e+01	
 7.0492e+01	
 7.0474e+01	
 7.0348e+01	
 7.0508e+01	
 7.0568e+01	
 7.0412e+01	
 7.0530e+01	
 7.0654e+01	
 7.0560e+01	
 7.0586e+01	
 7.0478e+01	
 7.0532e+01	
 7.0570e+01	
 7.0536e+01	
 7.0426e+01	
 7.0472e+01	
 7.0676e+01	
 7.0714e+01	
 7.0646e+01	
 7.0544e+01	
 7.0562e+01	
 7.0540e+01	
 7.0506e+01	
 7.0594e+01	
 7.0752e+01	
 7.0786e+01	
 7.0658e+01	
 7.0718e+01	
 7.0552e+01	
 7.0694e+01	
 7.0708e+01	
 7.0622e+01	
 7.0882e+01	
 7.0734e+01	
 7.0602e+01	
 7.0714e+01	
 7.0592e+01	
 7.0708e+01	
 7.1024e+01	
 7.0698e+01	
 7.0906e+01	
 7.0794e+01	
 7.0660e+01	
 7.0726e+01	
 7.0784e+01	
 7.0702e+01	
 7.0840e+01	
 7.0770e+01	
 7.0882e+01	
 7.0744e+01	
 7.0918e+01	
 7.0826e+01	
 7.0858e+01	
 7.0896e+01	
 7.0914e+01	
 7.0938e+01	
 7.0752e+01	
 7.0974e+01	
 7.0934e+01	
 7.0930e+01	
 7.1054e+01	
 7.0864e+01	
 7.1114e+01	
 7.0932e+01	
 7.1016e+01	
 7.1032e+01	
 7.0850e+01	
 7.0956e+01	
 7.0870e+01	
 7.1012e+01	
 7.0888e+01	
 7.0856e+01	
 7.0954e+01	
 7.0944e+01	
 7.0814e+01	
 7.1050e+01	
 7.0896e+01	
 7.0950e+01	
 7.1078e+01	
 7.0992e+01	
 7.1000e+01	
 7.0948e+01	
 7.1014e+01	
 7.0950e+01	
 7.0974e+01	
 7.1110e+01	
 7.1002e+01	
 7.1108e+01	
 7.1030e+01	
 7.1102e+01	
 7.1108e+01	
 7.1020e+01	
 7.0980e+01	
 7.1142e+01	
 7.1124e+01	
 7.1058e+01	
 7.1070e+01	
 7.1260e+01	
 7.1206e+01	
 7.1088e+01	
 7.1160e+01	
 7.1174e+01	
 7.1088e+01	
 7.1028e+01	
 7.1174e+01	
 7.1200e+01	
 7.1242e+01	
 7.1234e+01	
 7.1154e+01	
 7.1256e+01	
 7.1356e+01	
 7.1102e+01	
 7.1222e+01	
 7.1244e+01	
 7.1388e+01	
 7.1348e+01	
 7.1342e+01	
 7.1302e+01	
 7.1362e+01	
 7.1236e+01	
 7.1298e+01	
 7.1434e+01	
 7.1218e+01	
 7.1344e+01	
 7.1280e+01	
 7.1282e+01	
 7.1354e+01	
 7.1248e+01	
 7.1352e+01	
 7.1314e+01	
 7.1156e+01	
 7.1350e+01	
 7.1268e+01	
 7.1466e+01	
 7.1408e+01	
 7.1300e+01	
 7.1396e+01	
 7.1364e+01	
 7.1536e+01	
 7.1326e+01	
 7.1500e+01	
 7.1422e+01	
 7.1510e+01	
 7.1508e+01	
 7.1276e+01	
 7.1504e+01	
 7.1434e+01	
 7.1368e+01	
 7.1598e+01	
 7.1520e+01	
 7.1430e+01	
 7.1436e+01	
 7.1564e+01	
 7.1508e+01	
 7.1468e+01	
 7.1490e+01	
 7.1470e+01	
 7.1620e+01	
 7.1426e+01	
 7.1650e+01	
 7.1558e+01	
 7.1650e+01	
 7.1540e+01	
 7.1662e+01	
 7.1618e+01	
 7.1496e+01	
 7.1518e+01	
 7.1564e+01	
 7.1516e+01	
 7.1376e+01	
 7.1396e+01	
