% mean class accuracy (train set)	
 6.4321e+01	
 7.4726e+01	
 7.7669e+01	
 7.9486e+01	
 8.1179e+01	
 8.2589e+01	
 8.3905e+01	
 8.5337e+01	
 8.6717e+01	
 8.8125e+01	
 8.9365e+01	
 9.0735e+01	
 9.1890e+01	
 9.3218e+01	
 9.4439e+01	
 9.5561e+01	
 9.6643e+01	
 9.7563e+01	
 9.8371e+01	
 9.8980e+01	
 9.9316e+01	
 9.9585e+01	
 9.9719e+01	
 9.9798e+01	
 9.9868e+01	
 9.9896e+01	
 9.9928e+01	
 9.9940e+01	
 9.9954e+01	
 9.9956e+01	
 9.9963e+01	
 9.9966e+01	
 9.9975e+01	
 9.9975e+01	
 9.9977e+01	
 9.9980e+01	
 9.9981e+01	
 9.9982e+01	
 9.9984e+01	
 9.9986e+01	
 9.9984e+01	
 9.9988e+01	
 9.9988e+01	
 9.9989e+01	
 9.9989e+01	
 9.9989e+01	
 9.9990e+01	
 9.9990e+01	
 9.9992e+01	
 9.9995e+01	
 9.9992e+01	
 9.9995e+01	
 9.9993e+01	
 9.9993e+01	
 9.9993e+01	
 9.9993e+01	
 9.9995e+01	
 9.9995e+01	
 9.9995e+01	
 9.9995e+01	
 9.9995e+01	
 9.9993e+01	
 9.9993e+01	
 9.9993e+01	
 9.9995e+01	
 9.9996e+01	
 9.9995e+01	
 9.9996e+01	
 9.9996e+01	
 9.9997e+01	
 9.9997e+01	
 9.9996e+01	
 9.9997e+01	
 9.9996e+01	
