% mean class accuracy (train set)	
 6.7053e+01	
 8.0594e+01	
 8.2701e+01	
 8.3864e+01	
 8.4589e+01	
 8.5130e+01	
 8.5641e+01	
 8.5910e+01	
 8.6313e+01	
 8.6434e+01	
 8.6717e+01	
 8.6889e+01	
 8.7082e+01	
 8.7241e+01	
 8.7365e+01	
 8.7583e+01	
 8.7709e+01	
 8.7810e+01	
 8.7938e+01	
 8.8020e+01	
 8.8116e+01	
 8.8255e+01	
 8.8334e+01	
 8.8435e+01	
 8.8512e+01	
 8.8641e+01	
 8.8680e+01	
 8.8774e+01	
 8.8696e+01	
 8.8854e+01	
 8.8992e+01	
 8.8948e+01	
 8.9044e+01	
 8.9141e+01	
 8.9123e+01	
 8.9280e+01	
 8.9399e+01	
 8.9384e+01	
 8.9398e+01	
 8.9501e+01	
 8.9540e+01	
 8.9601e+01	
 8.9636e+01	
 8.9698e+01	
 8.9710e+01	
 8.9763e+01	
 8.9788e+01	
 8.9889e+01	
 8.9867e+01	
 8.9941e+01	
 8.9975e+01	
 9.0031e+01	
 9.0068e+01	
 9.0094e+01	
 9.0181e+01	
 9.0206e+01	
 9.0172e+01	
 9.0232e+01	
 9.0225e+01	
 9.0292e+01	
 9.0303e+01	
 9.0375e+01	
 9.0314e+01	
 9.0416e+01	
 9.0487e+01	
 9.0471e+01	
 9.0510e+01	
 9.0524e+01	
 9.0584e+01	
 9.0584e+01	
 9.0678e+01	
 9.0704e+01	
 9.0678e+01	
 9.0697e+01	
 9.0790e+01	
 9.0757e+01	
 9.0797e+01	
 9.0823e+01	
 9.0800e+01	
 9.0832e+01	
 9.0861e+01	
 9.0860e+01	
 9.0937e+01	
 9.0996e+01	
 9.0976e+01	
 9.0993e+01	
 9.0978e+01	
 9.1116e+01	
 9.1100e+01	
 9.1049e+01	
 9.1120e+01	
 9.1109e+01	
 9.1118e+01	
 9.1178e+01	
 9.1161e+01	
 9.1220e+01	
 9.1240e+01	
 9.1318e+01	
 9.1230e+01	
 9.1296e+01	
 9.1325e+01	
 9.1348e+01	
 9.1340e+01	
 9.1329e+01	
 9.1363e+01	
 9.1414e+01	
 9.1404e+01	
 9.1496e+01	
 9.1492e+01	
 9.1531e+01	
 9.1558e+01	
 9.1553e+01	
 9.1511e+01	
 9.1526e+01	
 9.1538e+01	
 9.1602e+01	
 9.1624e+01	
 9.1677e+01	
 9.1650e+01	
