% mean class accuracy (train set)	
 8.1255e+01	
 8.7401e+01	
 8.9475e+01	
 9.1326e+01	
 9.2486e+01	
 9.3653e+01	
 9.4667e+01	
 9.5719e+01	
 9.6340e+01	
 9.7166e+01	
 9.7596e+01	
 9.8063e+01	
 9.8581e+01	
 9.8816e+01	
 9.9264e+01	
 9.9652e+01	
 9.9790e+01	
 9.9919e+01	
 9.9955e+01	
 9.9977e+01	
 9.9986e+01	
 9.9992e+01	
 9.9990e+01	
 9.9993e+01	
 9.9992e+01	
 9.9995e+01	
 9.9995e+01	
 9.9996e+01	
 9.9997e+01	
 9.9996e+01	
 9.9996e+01	
 9.9997e+01	
 9.9996e+01	
 9.9996e+01	
 9.9995e+01	
 9.9996e+01	
 9.9997e+01	
