% mean class accuracy (train set)	
 8.2086e+01	
 8.8433e+01	
 9.0973e+01	
 9.2815e+01	
 9.3989e+01	
 9.5226e+01	
 9.6105e+01	
 9.6884e+01	
 9.7662e+01	
 9.8197e+01	
 9.8514e+01	
 9.9032e+01	
 9.9344e+01	
 9.9507e+01	
 9.9645e+01	
 9.9736e+01	
 9.9870e+01	
 9.9895e+01	
 9.9948e+01	
 9.9959e+01	
 9.9977e+01	
 9.9984e+01	
 9.9986e+01	
 9.9993e+01	
 9.9995e+01	
 9.9995e+01	
 9.9997e+01	
 9.9992e+01	
 9.9997e+01	
 9.9997e+01	
 9.9996e+01	
 9.9995e+01	
 9.9993e+01	
 9.9996e+01	
 9.9996e+01	
 9.9997e+01	
 9.9996e+01	
 9.9996e+01	
 9.9997e+01	
 9.9997e+01	
 9.9997e+01	
 9.9996e+01	
 9.9993e+01	
 9.9997e+01	
 9.9997e+01	
 9.9996e+01	
 9.9995e+01	
 9.9997e+01	
 9.9996e+01	
 9.9995e+01	
 9.9995e+01	
 9.9996e+01	
 9.9996e+01	
 9.9995e+01	
 9.9996e+01	
 9.9997e+01	
 9.9995e+01	
 9.9997e+01	
 9.9995e+01	
 9.9996e+01	
 9.9996e+01	
 9.9995e+01	
 9.9996e+01	
 9.9997e+01	
 9.9995e+01	
 9.9995e+01	
 9.9995e+01	
 9.9995e+01	
 9.9996e+01	
 9.9997e+01	
 9.9996e+01	
 9.9997e+01	
 9.9995e+01	
 9.9996e+01	
 9.9996e+01	
 9.9995e+01	
 9.9996e+01	
 9.9995e+01	
 9.9995e+01	
 9.9995e+01	
 9.9996e+01	
 9.9996e+01	
 9.9997e+01	
 9.9996e+01	
 9.9996e+01	
 9.9995e+01	
 9.9995e+01	
 9.9996e+01	
 9.9997e+01	
 9.9995e+01	
 9.9995e+01	
 9.9996e+01	
 9.9996e+01	
 9.9995e+01	
 9.9997e+01	
 9.9997e+01	
 9.9996e+01	
 9.9995e+01	
 9.9996e+01	
