% mean class accuracy (train set)	
 7.5186e+01	
 8.1607e+01	
 8.2870e+01	
 8.3546e+01	
 8.4313e+01	
 8.4690e+01	
 8.5152e+01	
 8.5646e+01	
 8.5989e+01	
 8.6298e+01	
 8.6663e+01	
 8.7007e+01	
 8.7212e+01	
 8.7570e+01	
 8.7765e+01	
 8.8018e+01	
 8.8331e+01	
 8.8606e+01	
 8.8759e+01	
 8.8977e+01	
 8.9243e+01	
 8.9366e+01	
 8.9583e+01	
 8.9862e+01	
 8.9978e+01	
 9.0146e+01	
 9.0412e+01	
 9.0529e+01	
 9.0800e+01	
 9.0922e+01	
 9.1153e+01	
 9.1243e+01	
 9.1519e+01	
 9.1535e+01	
 9.1799e+01	
 9.2040e+01	
 9.2143e+01	
 9.2256e+01	
 9.2409e+01	
 9.2522e+01	
 9.2771e+01	
 9.2836e+01	
 9.3005e+01	
 9.3113e+01	
 9.3265e+01	
 9.3478e+01	
 9.3546e+01	
 9.3703e+01	
 9.3865e+01	
 9.3984e+01	
 9.4065e+01	
 9.4097e+01	
 9.4330e+01	
 9.4544e+01	
 9.4573e+01	
 9.4661e+01	
 9.4785e+01	
 9.4878e+01	
 9.5004e+01	
 9.5121e+01	
 9.5200e+01	
 9.5367e+01	
 9.5409e+01	
 9.5480e+01	
 9.5581e+01	
 9.5693e+01	
 9.5847e+01	
 9.5913e+01	
 9.6011e+01	
 9.6121e+01	
 9.6126e+01	
 9.6234e+01	
 9.6331e+01	
 9.6444e+01	
 9.6572e+01	
 9.6586e+01	
 9.6669e+01	
 9.6819e+01	
 9.6851e+01	
 9.6905e+01	
 9.6980e+01	
 9.7027e+01	
 9.7064e+01	
 9.7133e+01	
 9.7211e+01	
 9.7282e+01	
 9.7380e+01	
 9.7439e+01	
 9.7507e+01	
 9.7499e+01	
 9.7597e+01	
 9.7673e+01	
 9.7734e+01	
 9.7731e+01	
 9.7804e+01	
 9.7846e+01	
 9.7894e+01	
 9.7985e+01	
 9.8019e+01	
 9.8103e+01	
 9.8111e+01	
 9.8139e+01	
 9.8180e+01	
 9.8269e+01	
 9.8281e+01	
 9.8294e+01	
 9.8337e+01	
 9.8399e+01	
 9.8414e+01	
 9.8511e+01	
 9.8494e+01	
 9.8539e+01	
 9.8583e+01	
 9.8624e+01	
 9.8604e+01	
 9.8685e+01	
 9.8717e+01	
 9.8752e+01	
 9.8770e+01	
