% mean class accuracy (train set)	
 7.4011e+01	
 8.6662e+01	
 8.8671e+01	
 9.0028e+01	
 9.1047e+01	
 9.1819e+01	
 9.2418e+01	
 9.2978e+01	
 9.3449e+01	
 9.3845e+01	
 9.4330e+01	
 9.4635e+01	
 9.4985e+01	
 9.5327e+01	
 9.5609e+01	
 9.5888e+01	
 9.6182e+01	
 9.6377e+01	
 9.6568e+01	
 9.6882e+01	
 9.7122e+01	
 9.7278e+01	
 9.7486e+01	
 9.7703e+01	
 9.7801e+01	
 9.7974e+01	
 9.8189e+01	
 9.8317e+01	
 9.8496e+01	
 9.8599e+01	
 9.8715e+01	
 9.8771e+01	
 9.8931e+01	
 9.9058e+01	
 9.9114e+01	
 9.9240e+01	
 9.9287e+01	
 9.9353e+01	
 9.9420e+01	
 9.9487e+01	
 9.9543e+01	
 9.9596e+01	
 9.9653e+01	
 9.9683e+01	
 9.9709e+01	
 9.9741e+01	
 9.9765e+01	
 9.9783e+01	
 9.9798e+01	
 9.9843e+01	
 9.9846e+01	
 9.9877e+01	
 9.9876e+01	
 9.9888e+01	
 9.9900e+01	
 9.9898e+01	
 9.9911e+01	
 9.9917e+01	
 9.9919e+01	
 9.9940e+01	
 9.9941e+01	
 9.9945e+01	
 9.9949e+01	
 9.9951e+01	
 9.9959e+01	
 9.9962e+01	
 9.9963e+01	
 9.9966e+01	
 9.9970e+01	
 9.9967e+01	
 9.9971e+01	
 9.9973e+01	
 9.9974e+01	
 9.9973e+01	
 9.9978e+01	
 9.9977e+01	
 9.9977e+01	
 9.9978e+01	
 9.9977e+01	
 9.9980e+01	
 9.9982e+01	
 9.9985e+01	
