% mean class accuracy (train set)	
 2.8395e+01	
 3.4825e+01	
 3.8575e+01	
 4.1250e+01	
 4.3350e+01	
 4.4980e+01	
 4.6825e+01	
 4.7925e+01	
 4.9355e+01	
 5.0685e+01	
 5.1640e+01	
 5.2540e+01	
 5.3750e+01	
 5.4660e+01	
 5.5475e+01	
 5.6165e+01	
 5.7160e+01	
 5.8395e+01	
 5.8805e+01	
 5.9695e+01	
 6.0500e+01	
 6.1200e+01	
 6.1590e+01	
 6.2235e+01	
 6.3415e+01	
 6.3950e+01	
 6.4330e+01	
 6.5170e+01	
 6.5525e+01	
 6.6300e+01	
 6.6760e+01	
 6.7480e+01	
 6.8285e+01	
 6.8290e+01	
 6.9255e+01	
 6.9690e+01	
 7.0065e+01	
 7.0675e+01	
 7.1300e+01	
 7.1720e+01	
 7.2035e+01	
 7.2915e+01	
 7.3025e+01	
 7.3600e+01	
 7.4115e+01	
 7.4475e+01	
 7.4860e+01	
 7.5130e+01	
 7.5795e+01	
 7.6410e+01	
 7.6620e+01	
 7.7285e+01	
 7.7500e+01	
 7.8250e+01	
 7.8285e+01	
 7.9135e+01	
 7.9620e+01	
 7.9820e+01	
 8.0370e+01	
 8.0345e+01	
 8.1170e+01	
 8.1705e+01	
 8.1875e+01	
 8.2255e+01	
 8.2980e+01	
 8.3210e+01	
 8.3695e+01	
 8.4225e+01	
 8.4585e+01	
 8.4895e+01	
 8.5155e+01	
 8.5660e+01	
 8.6365e+01	
 8.6620e+01	
 8.7205e+01	
 8.7215e+01	
 8.7830e+01	
 8.8210e+01	
 8.8620e+01	
 8.9180e+01	
 8.9465e+01	
 8.9755e+01	
 9.0225e+01	
 9.0600e+01	
 9.0820e+01	
 9.1290e+01	
 9.1655e+01	
 9.2080e+01	
 9.2295e+01	
 9.2770e+01	
 9.3145e+01	
 9.3445e+01	
 9.3830e+01	
 9.3935e+01	
 9.4335e+01	
 9.4710e+01	
 9.5175e+01	
 9.5210e+01	
 9.5580e+01	
 9.5965e+01	
 9.6105e+01	
 9.6410e+01	
 9.6600e+01	
