% mean class accuracy (train set)	
 9.4307e+01	
 9.6897e+01	
 9.7407e+01	
 9.7719e+01	
 9.7951e+01	
 9.8111e+01	
 9.8246e+01	
 9.8376e+01	
 9.8496e+01	
 9.8576e+01	
 9.8663e+01	
 9.8741e+01	
 9.8822e+01	
 9.8875e+01	
 9.8932e+01	
 9.8986e+01	
 9.9039e+01	
 9.9078e+01	
 9.9116e+01	
 9.9173e+01	
 9.9214e+01	
 9.9233e+01	
 9.9271e+01	
 9.9299e+01	
 9.9339e+01	
 9.9361e+01	
 9.9388e+01	
 9.9422e+01	
 9.9431e+01	
 9.9460e+01	
 9.9472e+01	
 9.9497e+01	
 9.9517e+01	
 9.9534e+01	
 9.9552e+01	
 9.9564e+01	
 9.9577e+01	
 9.9597e+01	
 9.9604e+01	
 9.9619e+01	
 9.9630e+01	
 9.9645e+01	
 9.9651e+01	
 9.9667e+01	
 9.9667e+01	
 9.9685e+01	
 9.9691e+01	
 9.9697e+01	
 9.9702e+01	
 9.9712e+01	
