% mean class accuracy (train set)	
 2.9856e+01	
 3.4138e+01	
 3.5344e+01	
 3.6120e+01	
 3.7046e+01	
 3.7582e+01	
 3.8538e+01	
 3.9172e+01	
 3.9718e+01	
 4.0446e+01	
 4.0636e+01	
 4.1152e+01	
 4.1582e+01	
 4.1696e+01	
 4.2252e+01	
 4.2526e+01	
 4.2930e+01	
 4.3488e+01	
 4.3646e+01	
 4.4062e+01	
 4.4502e+01	
 4.4884e+01	
 4.5164e+01	
 4.5330e+01	
 4.5650e+01	
 4.6158e+01	
 4.6226e+01	
 4.6680e+01	
 4.6856e+01	
 4.7184e+01	
 4.7202e+01	
 4.7458e+01	
 4.7758e+01	
 4.8040e+01	
 4.8260e+01	
 4.8456e+01	
 4.8990e+01	
 4.9022e+01	
 4.9516e+01	
 4.9768e+01	
 4.9750e+01	
 5.0134e+01	
 5.0322e+01	
 5.0536e+01	
 5.0706e+01	
 5.0944e+01	
 5.1230e+01	
 5.1396e+01	
 5.1598e+01	
 5.2036e+01	
 5.2138e+01	
 5.2298e+01	
 5.2474e+01	
 5.2800e+01	
