% mean class accuracy (train set)	
 8.9273e+01	
 9.3386e+01	
 9.4460e+01	
 9.5024e+01	
 9.5450e+01	
 9.5791e+01	
 9.6060e+01	
 9.6263e+01	
 9.6425e+01	
 9.6596e+01	
 9.6727e+01	
 9.6861e+01	
 9.6958e+01	
 9.7071e+01	
 9.7162e+01	
 9.7241e+01	
 9.7312e+01	
 9.7380e+01	
 9.7437e+01	
 9.7493e+01	
 9.7555e+01	
 9.7629e+01	
 9.7659e+01	
 9.7711e+01	
 9.7764e+01	
 9.7806e+01	
 9.7839e+01	
 9.7881e+01	
 9.7922e+01	
 9.7953e+01	
 9.7980e+01	
 9.8025e+01	
 9.8046e+01	
 9.8071e+01	
 9.8101e+01	
 9.8127e+01	
 9.8163e+01	
 9.8193e+01	
 9.8215e+01	
 9.8239e+01	
 9.8256e+01	
 9.8265e+01	
 9.8290e+01	
 9.8324e+01	
 9.8340e+01	
 9.8354e+01	
 9.8374e+01	
 9.8378e+01	
 9.8409e+01	
 9.8423e+01	
 9.8448e+01	
 9.8451e+01	
 9.8468e+01	
 9.8483e+01	
 9.8503e+01	
 9.8520e+01	
 9.8526e+01	
 9.8549e+01	
 9.8555e+01	
 9.8571e+01	
 9.8580e+01	
 9.8594e+01	
 9.8602e+01	
 9.8609e+01	
 9.8629e+01	
 9.8631e+01	
 9.8647e+01	
 9.8649e+01	
 9.8664e+01	
 9.8671e+01	
 9.8684e+01	
 9.8703e+01	
 9.8705e+01	
 9.8710e+01	
 9.8721e+01	
 9.8729e+01	
 9.8741e+01	
 9.8752e+01	
 9.8759e+01	
 9.8754e+01	
 9.8768e+01	
 9.8776e+01	
 9.8787e+01	
 9.8799e+01	
 9.8795e+01	
 9.8807e+01	
 9.8810e+01	
 9.8818e+01	
 9.8829e+01	
 9.8831e+01	
 9.8841e+01	
 9.8839e+01	
 9.8852e+01	
 9.8858e+01	
 9.8855e+01	
 9.8874e+01	
 9.8870e+01	
 9.8888e+01	
 9.8893e+01	
 9.8892e+01	
 9.8906e+01	
 9.8911e+01	
 9.8915e+01	
 9.8917e+01	
 9.8917e+01	
 9.8924e+01	
 9.8925e+01	
 9.8939e+01	
 9.8942e+01	
 9.8948e+01	
 9.8948e+01	
 9.8951e+01	
 9.8963e+01	
 9.8965e+01	
 9.8976e+01	
 9.8974e+01	
 9.8976e+01	
 9.8980e+01	
 9.8995e+01	
 9.8994e+01	
 9.8995e+01	
 9.9002e+01	
 9.9006e+01	
 9.9012e+01	
 9.9016e+01	
 9.9021e+01	
 9.9025e+01	
 9.9021e+01	
 9.9020e+01	
 9.9026e+01	
 9.9034e+01	
 9.9041e+01	
 9.9043e+01	
 9.9046e+01	
