% mean class accuracy (train set)	
 3.1135e+01	
 3.7715e+01	
 4.0940e+01	
 4.3575e+01	
 4.4905e+01	
 4.6775e+01	
 4.7880e+01	
 4.8735e+01	
 4.9525e+01	
 5.0595e+01	
 5.1340e+01	
 5.2335e+01	
 5.3150e+01	
 5.3755e+01	
 5.4685e+01	
 5.5100e+01	
 5.5945e+01	
 5.6565e+01	
 5.7890e+01	
 5.8625e+01	
 5.9230e+01	
 6.0145e+01	
 6.0740e+01	
 6.1875e+01	
 6.2170e+01	
 6.3365e+01	
 6.4090e+01	
 6.5225e+01	
 6.5985e+01	
 6.6345e+01	
 6.7625e+01	
 6.8025e+01	
 6.9325e+01	
 6.9840e+01	
 7.0720e+01	
 7.1860e+01	
 7.2500e+01	
 7.3450e+01	
 7.4100e+01	
 7.4940e+01	
 7.6115e+01	
 7.6885e+01	
 7.7610e+01	
 7.8560e+01	
 7.9230e+01	
 8.0225e+01	
 8.0935e+01	
 8.2000e+01	
 8.2860e+01	
 8.3870e+01	
 8.4260e+01	
 8.5155e+01	
 8.6090e+01	
 8.6395e+01	
 8.7235e+01	
 8.8170e+01	
 8.8895e+01	
 8.9570e+01	
 8.9895e+01	
 9.0930e+01	
 9.1395e+01	
 9.2070e+01	
 9.2500e+01	
 9.3225e+01	
 9.3895e+01	
 9.4190e+01	
 9.4715e+01	
 9.5195e+01	
 9.5735e+01	
 9.5945e+01	
 9.6545e+01	
 9.6900e+01	
 9.7185e+01	
 9.7435e+01	
 9.7870e+01	
 9.8095e+01	
 9.8210e+01	
 9.8630e+01	
 9.8795e+01	
 9.8875e+01	
 9.9110e+01	
 9.9130e+01	
 9.9340e+01	
 9.9415e+01	
 9.9470e+01	
 9.9500e+01	
 9.9675e+01	
 9.9685e+01	
 9.9795e+01	
 9.9800e+01	
 9.9845e+01	
 9.9850e+01	
 9.9920e+01	
 9.9915e+01	
 9.9940e+01	
 9.9940e+01	
 9.9945e+01	
 9.9955e+01	
 9.9980e+01	
 9.9975e+01	
 9.9975e+01	
 9.9980e+01	
 9.9980e+01	
 9.9995e+01	
 9.9985e+01	
 9.9990e+01	
 9.9985e+01	
 9.9990e+01	
 1.0000e+02	
 9.9995e+01	
 1.0000e+02	
 1.0000e+02	
 1.0000e+02	
 1.0000e+02	
 9.9995e+01	
 1.0000e+02	
 1.0000e+02	
 1.0000e+02	
 9.9995e+01	
