% mean class accuracy (train set)	
 1.0920e+01	
 1.7260e+01	
 2.1310e+01	
 2.6390e+01	
 3.1470e+01	
 3.6820e+01	
 4.2130e+01	
 4.6470e+01	
 4.8830e+01	
 5.1420e+01	
 5.3910e+01	
 5.6180e+01	
 5.8540e+01	
 6.0390e+01	
 6.2490e+01	
 6.4380e+01	
 6.6170e+01	
 6.8680e+01	
 7.0350e+01	
 7.3040e+01	
 7.4710e+01	
 7.7140e+01	
 7.8840e+01	
 8.1050e+01	
 8.3480e+01	
 8.5280e+01	
 8.7370e+01	
 8.9470e+01	
 9.1220e+01	
 9.2980e+01	
 9.4310e+01	
 9.5970e+01	
 9.6890e+01	
 9.7900e+01	
 9.8600e+01	
 9.9130e+01	
 9.9480e+01	
 9.9610e+01	
 9.9780e+01	
 9.9850e+01	
 9.9930e+01	
 9.9910e+01	
 9.9940e+01	
 9.9930e+01	
 9.9990e+01	
 9.9990e+01	
 1.0000e+02	
 1.0000e+02	
 1.0000e+02	
 1.0000e+02	
 1.0000e+02	
 1.0000e+02	
 1.0000e+02	
 1.0000e+02	
 1.0000e+02	
 1.0000e+02	
 1.0000e+02	
 1.0000e+02	
 1.0000e+02	
 1.0000e+02	
 1.0000e+02	
 1.0000e+02	
 1.0000e+02	
 1.0000e+02	
 1.0000e+02	
 1.0000e+02	
 1.0000e+02	
 1.0000e+02	
 1.0000e+02	
 1.0000e+02	
 1.0000e+02	
 1.0000e+02	
 1.0000e+02	
 1.0000e+02	
 1.0000e+02	
 1.0000e+02	
 1.0000e+02	
 1.0000e+02	
 1.0000e+02	
 1.0000e+02	
 1.0000e+02	
 1.0000e+02	
 1.0000e+02	
 1.0000e+02	
 1.0000e+02	
 1.0000e+02	
 1.0000e+02	
 1.0000e+02	
 1.0000e+02	
 1.0000e+02	
