% mean class accuracy (train set)	
 7.0290e+01	
 8.0921e+01	
 8.3667e+01	
 8.5253e+01	
 8.6696e+01	
 8.7717e+01	
 8.8595e+01	
 8.9339e+01	
 9.0106e+01	
 9.0712e+01	
 9.1251e+01	
 9.1800e+01	
 9.2289e+01	
 9.2865e+01	
 9.3231e+01	
 9.3689e+01	
 9.4144e+01	
 9.4379e+01	
 9.4650e+01	
 9.5078e+01	
 9.5244e+01	
 9.5594e+01	
 9.5918e+01	
 9.6114e+01	
 9.6346e+01	
 9.6612e+01	
 9.6870e+01	
 9.7023e+01	
 9.7230e+01	
 9.7383e+01	
 9.7492e+01	
 9.7652e+01	
 9.7789e+01	
 9.7932e+01	
 9.8048e+01	
 9.8127e+01	
 9.8288e+01	
 9.8374e+01	
 9.8475e+01	
 9.8531e+01	
 9.8627e+01	
 9.8680e+01	
 9.8740e+01	
 9.8833e+01	
 9.8867e+01	
 9.8920e+01	
 9.8942e+01	
 9.9058e+01	
 9.9079e+01	
 9.9113e+01	
 9.9145e+01	
 9.9189e+01	
 9.9237e+01	
 9.9286e+01	
 9.9327e+01	
 9.9320e+01	
 9.9338e+01	
 9.9369e+01	
 9.9408e+01	
 9.9423e+01	
 9.9453e+01	
 9.9464e+01	
 9.9481e+01	
 9.9507e+01	
 9.9533e+01	
 9.9544e+01	
 9.9565e+01	
 9.9575e+01	
 9.9584e+01	
 9.9612e+01	
 9.9608e+01	
 9.9626e+01	
 9.9642e+01	
 9.9649e+01	
 9.9667e+01	
 9.9664e+01	
 9.9685e+01	
 9.9678e+01	
 9.9701e+01	
 9.9709e+01	
 9.9709e+01	
 9.9728e+01	
 9.9726e+01	
 9.9737e+01	
 9.9735e+01	
 9.9749e+01	
 9.9767e+01	
 9.9767e+01	
 9.9777e+01	
 9.9782e+01	
 9.9780e+01	
 9.9780e+01	
 9.9786e+01	
 9.9795e+01	
 9.9787e+01	
 9.9798e+01	
 9.9813e+01	
 9.9806e+01	
 9.9806e+01	
 9.9816e+01	
 9.9823e+01	
 9.9823e+01	
 9.9838e+01	
 9.9829e+01	
 9.9836e+01	
 9.9836e+01	
 9.9844e+01	
 9.9847e+01	
 9.9843e+01	
 9.9851e+01	
 9.9854e+01	
 9.9862e+01	
 9.9863e+01	
 9.9863e+01	
 9.9868e+01	
 9.9879e+01	
 9.9870e+01	
 9.9877e+01	
 9.9877e+01	
